
*** Running vivado
    with args -log FiltroFirAxi_v3_0.vds -m64 -product Vivado -mode batch -messageDb vivado.pb -notrace -source FiltroFirAxi_v3_0.tcl


****** Vivado v2018.3 (64-bit)
  **** SW Build 2405991 on Thu Dec  6 23:38:27 MST 2018
  **** IP Build 2404404 on Fri Dec  7 01:43:56 MST 2018
    ** Copyright 1986-2018 Xilinx, Inc. All Rights Reserved.

source FiltroFirAxi_v3_0.tcl -notrace
INFO: [IP_Flow 19-234] Refreshing IP repositories
INFO: [IP_Flow 19-1700] Loaded user IP repository 'h:/Jorge/UPM/master/1erCuatri/DES/Trabajo_filtroFIR/FILTRO-FIR---DES/FiltroFir_v3-0/FiltroFirAxi_3.0'.
WARNING: [IP_Flow 19-2248] Failed to load user IP repository 'h:/Jorge/UPM/master/1erCuatri/DES/Trabajo_filtroFIR/FILTRO-FIR---DES/FiltroFir_v3-0/FiltroFir_v3.0_3.0'; Can't find the specified path.
If this directory should no longer be in your list of user repositories, go to the IP Settings dialog and remove it.
INFO: [IP_Flow 19-2313] Loaded Vivado IP repository 'C:/Xilinx/Vivado/2018.3/data/ip'.
WARNING: [IP_Flow 19-4995] The host OS only allows 260 characters in a normal path. The IP cache path is more than 80 characters. If you experience issues with IP caching, please consider changing the IP cache to a location with a shorter path. Alternately consider using the OS subst command to map part of the path to a drive letter. 
Current IP cache path is h:/Jorge/UPM/master/1erCuatri/DES/Trabajo_filtroFIR/FILTRO-FIR---DES/FiltroFir_v3-0/edit_FiltroFirAxi_v3_0.cache/ip 
Command: synth_design -top FiltroFirAxi_v3_0 -part xc7z020clg400-1
Starting synth_design
Attempting to get a license for feature 'Synthesis' and/or device 'xc7z020'
INFO: [Common 17-349] Got license for feature 'Synthesis' and/or device 'xc7z020'
INFO: Launching helper process for spawning children vivado processes
INFO: Helper process launched with PID 15700 
---------------------------------------------------------------------------------
Starting Synthesize : Time (s): cpu = 00:00:03 ; elapsed = 00:00:03 . Memory (MB): peak = 473.164 ; gain = 102.875
---------------------------------------------------------------------------------
INFO: [Synth 8-638] synthesizing module 'FiltroFirAxi_v3_0' [H:/Jorge/UPM/master/1erCuatri/DES/Trabajo_filtroFIR/FILTRO-FIR---DES/FiltroFir_v3-0/edit_FiltroFirAxi_v3_0.srcs/sources_1/imports/FiltroFirAxi_3.0/hdl/FiltroFirAxi_v3_0.vhd:49]
	Parameter C_S00_AXI_DATA_WIDTH bound to: 32 - type: integer 
	Parameter C_S00_AXI_ADDR_WIDTH bound to: 4 - type: integer 
	Parameter C_S_AXI_DATA_WIDTH bound to: 32 - type: integer 
	Parameter C_S_AXI_ADDR_WIDTH bound to: 4 - type: integer 
INFO: [Synth 8-3491] module 'FiltroFirAxi_v3_0_S00_AXI' declared at 'H:/Jorge/UPM/master/1erCuatri/DES/Trabajo_filtroFIR/FILTRO-FIR---DES/FiltroFir_v3-0/edit_FiltroFirAxi_v3_0.srcs/sources_1/imports/FiltroFirAxi_3.0/hdl/FiltroFirAxi_v3_0_S00_AXI.vhd:5' bound to instance 'FiltroFirAxi_v3_0_S00_AXI_inst' of component 'FiltroFirAxi_v3_0_S00_AXI' [H:/Jorge/UPM/master/1erCuatri/DES/Trabajo_filtroFIR/FILTRO-FIR---DES/FiltroFir_v3-0/edit_FiltroFirAxi_v3_0.srcs/sources_1/imports/FiltroFirAxi_3.0/hdl/FiltroFirAxi_v3_0.vhd:85]
INFO: [Synth 8-638] synthesizing module 'FiltroFirAxi_v3_0_S00_AXI' [H:/Jorge/UPM/master/1erCuatri/DES/Trabajo_filtroFIR/FILTRO-FIR---DES/FiltroFir_v3-0/edit_FiltroFirAxi_v3_0.srcs/sources_1/imports/FiltroFirAxi_3.0/hdl/FiltroFirAxi_v3_0_S00_AXI.vhd:86]
	Parameter C_S_AXI_DATA_WIDTH bound to: 32 - type: integer 
	Parameter C_S_AXI_ADDR_WIDTH bound to: 4 - type: integer 
INFO: [Synth 8-226] default block is never used [H:/Jorge/UPM/master/1erCuatri/DES/Trabajo_filtroFIR/FILTRO-FIR---DES/FiltroFir_v3-0/edit_FiltroFirAxi_v3_0.srcs/sources_1/imports/FiltroFirAxi_3.0/hdl/FiltroFirAxi_v3_0_S00_AXI.vhd:244]
INFO: [Synth 8-226] default block is never used [H:/Jorge/UPM/master/1erCuatri/DES/Trabajo_filtroFIR/FILTRO-FIR---DES/FiltroFir_v3-0/edit_FiltroFirAxi_v3_0.srcs/sources_1/imports/FiltroFirAxi_3.0/hdl/FiltroFirAxi_v3_0_S00_AXI.vhd:372]
WARNING: [Synth 8-614] signal 'so_data' is read in the process but is not in the sensitivity list [H:/Jorge/UPM/master/1erCuatri/DES/Trabajo_filtroFIR/FILTRO-FIR---DES/FiltroFir_v3-0/edit_FiltroFirAxi_v3_0.srcs/sources_1/imports/FiltroFirAxi_3.0/hdl/FiltroFirAxi_v3_0_S00_AXI.vhd:369]
INFO: [Synth 8-3491] module 'Filtro_FIR_4in' declared at 'H:/Jorge/UPM/master/1erCuatri/DES/Trabajo_filtroFIR/FILTRO-FIR---DES/FiltroFir_v3-0/edit_FiltroFirAxi_v3_0.srcs/sources_1/imports/FiltroFirAxi_3.0/src/CodigoFir.vhd:4' bound to instance 'FiltroFirAxi_inst' of component 'Filtro_FIR_4in' [H:/Jorge/UPM/master/1erCuatri/DES/Trabajo_filtroFIR/FILTRO-FIR---DES/FiltroFir_v3-0/edit_FiltroFirAxi_v3_0.srcs/sources_1/imports/FiltroFirAxi_3.0/hdl/FiltroFirAxi_v3_0_S00_AXI.vhd:406]
INFO: [Synth 8-638] synthesizing module 'Filtro_FIR_4in' [H:/Jorge/UPM/master/1erCuatri/DES/Trabajo_filtroFIR/FILTRO-FIR---DES/FiltroFir_v3-0/edit_FiltroFirAxi_v3_0.srcs/sources_1/imports/FiltroFirAxi_3.0/src/CodigoFir.vhd:23]
INFO: [Synth 8-256] done synthesizing module 'Filtro_FIR_4in' (1#1) [H:/Jorge/UPM/master/1erCuatri/DES/Trabajo_filtroFIR/FILTRO-FIR---DES/FiltroFir_v3-0/edit_FiltroFirAxi_v3_0.srcs/sources_1/imports/FiltroFirAxi_3.0/src/CodigoFir.vhd:23]
WARNING: [Synth 8-6014] Unused sequential element slv_reg2_reg was removed.  [H:/Jorge/UPM/master/1erCuatri/DES/Trabajo_filtroFIR/FILTRO-FIR---DES/FiltroFir_v3-0/edit_FiltroFirAxi_v3_0.srcs/sources_1/imports/FiltroFirAxi_3.0/hdl/FiltroFirAxi_v3_0_S00_AXI.vhd:239]
WARNING: [Synth 8-6014] Unused sequential element slv_reg3_reg was removed.  [H:/Jorge/UPM/master/1erCuatri/DES/Trabajo_filtroFIR/FILTRO-FIR---DES/FiltroFir_v3-0/edit_FiltroFirAxi_v3_0.srcs/sources_1/imports/FiltroFirAxi_3.0/hdl/FiltroFirAxi_v3_0_S00_AXI.vhd:240]
WARNING: [Synth 8-6014] Unused sequential element loc_addr_reg was removed.  [H:/Jorge/UPM/master/1erCuatri/DES/Trabajo_filtroFIR/FILTRO-FIR---DES/FiltroFir_v3-0/edit_FiltroFirAxi_v3_0.srcs/sources_1/imports/FiltroFirAxi_3.0/hdl/FiltroFirAxi_v3_0_S00_AXI.vhd:242]
WARNING: [Synth 8-6014] Unused sequential element axi_araddr_reg was removed.  [H:/Jorge/UPM/master/1erCuatri/DES/Trabajo_filtroFIR/FILTRO-FIR---DES/FiltroFir_v3-0/edit_FiltroFirAxi_v3_0.srcs/sources_1/imports/FiltroFirAxi_3.0/hdl/FiltroFirAxi_v3_0_S00_AXI.vhd:323]
INFO: [Synth 8-256] done synthesizing module 'FiltroFirAxi_v3_0_S00_AXI' (2#1) [H:/Jorge/UPM/master/1erCuatri/DES/Trabajo_filtroFIR/FILTRO-FIR---DES/FiltroFir_v3-0/edit_FiltroFirAxi_v3_0.srcs/sources_1/imports/FiltroFirAxi_3.0/hdl/FiltroFirAxi_v3_0_S00_AXI.vhd:86]
INFO: [Synth 8-256] done synthesizing module 'FiltroFirAxi_v3_0' (3#1) [H:/Jorge/UPM/master/1erCuatri/DES/Trabajo_filtroFIR/FILTRO-FIR---DES/FiltroFir_v3-0/edit_FiltroFirAxi_v3_0.srcs/sources_1/imports/FiltroFirAxi_3.0/hdl/FiltroFirAxi_v3_0.vhd:49]
WARNING: [Synth 8-3331] design FiltroFirAxi_v3_0_S00_AXI has unconnected port S_AXI_AWPROT[2]
WARNING: [Synth 8-3331] design FiltroFirAxi_v3_0_S00_AXI has unconnected port S_AXI_AWPROT[1]
WARNING: [Synth 8-3331] design FiltroFirAxi_v3_0_S00_AXI has unconnected port S_AXI_AWPROT[0]
WARNING: [Synth 8-3331] design FiltroFirAxi_v3_0_S00_AXI has unconnected port S_AXI_ARADDR[3]
WARNING: [Synth 8-3331] design FiltroFirAxi_v3_0_S00_AXI has unconnected port S_AXI_ARADDR[2]
WARNING: [Synth 8-3331] design FiltroFirAxi_v3_0_S00_AXI has unconnected port S_AXI_ARADDR[1]
WARNING: [Synth 8-3331] design FiltroFirAxi_v3_0_S00_AXI has unconnected port S_AXI_ARADDR[0]
WARNING: [Synth 8-3331] design FiltroFirAxi_v3_0_S00_AXI has unconnected port S_AXI_ARPROT[2]
WARNING: [Synth 8-3331] design FiltroFirAxi_v3_0_S00_AXI has unconnected port S_AXI_ARPROT[1]
WARNING: [Synth 8-3331] design FiltroFirAxi_v3_0_S00_AXI has unconnected port S_AXI_ARPROT[0]
---------------------------------------------------------------------------------
Finished Synthesize : Time (s): cpu = 00:00:04 ; elapsed = 00:00:04 . Memory (MB): peak = 528.137 ; gain = 157.848
---------------------------------------------------------------------------------
---------------------------------------------------------------------------------
Finished Constraint Validation : Time (s): cpu = 00:00:04 ; elapsed = 00:00:04 . Memory (MB): peak = 528.137 ; gain = 157.848
---------------------------------------------------------------------------------
---------------------------------------------------------------------------------
Start Loading Part and Timing Information
---------------------------------------------------------------------------------
Loading part: xc7z020clg400-1
---------------------------------------------------------------------------------
Finished Loading Part and Timing Information : Time (s): cpu = 00:00:04 ; elapsed = 00:00:04 . Memory (MB): peak = 528.137 ; gain = 157.848
---------------------------------------------------------------------------------
INFO: [Device 21-403] Loading part xc7z020clg400-1
WARNING: [Synth 8-327] inferring latch for variable 'reg_data_out_reg' [H:/Jorge/UPM/master/1erCuatri/DES/Trabajo_filtroFIR/FILTRO-FIR---DES/FiltroFir_v3-0/edit_FiltroFirAxi_v3_0.srcs/sources_1/imports/FiltroFirAxi_3.0/hdl/FiltroFirAxi_v3_0_S00_AXI.vhd:374]
---------------------------------------------------------------------------------
Finished RTL Optimization Phase 2 : Time (s): cpu = 00:00:05 ; elapsed = 00:00:04 . Memory (MB): peak = 528.137 ; gain = 157.848
---------------------------------------------------------------------------------

Report RTL Partitions: 
+-+--------------+------------+----------+
| |RTL Partition |Replication |Instances |
+-+--------------+------------+----------+
+-+--------------+------------+----------+
No constraint files found.
---------------------------------------------------------------------------------
Start RTL Component Statistics 
---------------------------------------------------------------------------------
Detailed RTL Component Info : 
+---Adders : 
	   2 Input     18 Bit       Adders := 1     
	   2 Input     17 Bit       Adders := 2     
+---Registers : 
	               32 Bit    Registers := 3     
	               18 Bit    Registers := 1     
	               17 Bit    Registers := 2     
	               16 Bit    Registers := 4     
	               10 Bit    Registers := 1     
	                8 Bit    Registers := 8     
	                4 Bit    Registers := 1     
	                2 Bit    Registers := 2     
	                1 Bit    Registers := 7     
+---Muxes : 
	   2 Input     32 Bit        Muxes := 4     
	   4 Input     32 Bit        Muxes := 2     
	   2 Input      1 Bit        Muxes := 5     
---------------------------------------------------------------------------------
Finished RTL Component Statistics 
---------------------------------------------------------------------------------
---------------------------------------------------------------------------------
Start RTL Hierarchical Component Statistics 
---------------------------------------------------------------------------------
Hierarchical RTL Component report 
Module Filtro_FIR_4in 
Detailed RTL Component Info : 
+---Adders : 
	   2 Input     18 Bit       Adders := 1     
	   2 Input     17 Bit       Adders := 2     
+---Registers : 
	               18 Bit    Registers := 1     
	               17 Bit    Registers := 2     
	               16 Bit    Registers := 4     
	               10 Bit    Registers := 1     
	                8 Bit    Registers := 8     
	                1 Bit    Registers := 1     
Module FiltroFirAxi_v3_0_S00_AXI 
Detailed RTL Component Info : 
+---Registers : 
	               32 Bit    Registers := 3     
	                4 Bit    Registers := 1     
	                2 Bit    Registers := 2     
	                1 Bit    Registers := 6     
+---Muxes : 
	   2 Input     32 Bit        Muxes := 4     
	   4 Input     32 Bit        Muxes := 2     
	   2 Input      1 Bit        Muxes := 5     
---------------------------------------------------------------------------------
Finished RTL Hierarchical Component Statistics
---------------------------------------------------------------------------------
---------------------------------------------------------------------------------
Start Part Resource Summary
---------------------------------------------------------------------------------
Part Resources:
DSPs: 220 (col length:60)
BRAMs: 280 (col length: RAMB18 60 RAMB36 30)
---------------------------------------------------------------------------------
Finished Part Resource Summary
---------------------------------------------------------------------------------
No constraint files found.
---------------------------------------------------------------------------------
Start Cross Boundary and Area Optimization
---------------------------------------------------------------------------------
Warning: Parallel synthesis criteria is not met 
WARNING: [Synth 8-3331] design FiltroFirAxi_v3_0 has unconnected port s00_axi_awprot[2]
WARNING: [Synth 8-3331] design FiltroFirAxi_v3_0 has unconnected port s00_axi_awprot[1]
WARNING: [Synth 8-3331] design FiltroFirAxi_v3_0 has unconnected port s00_axi_awprot[0]
WARNING: [Synth 8-3331] design FiltroFirAxi_v3_0 has unconnected port s00_axi_araddr[3]
WARNING: [Synth 8-3331] design FiltroFirAxi_v3_0 has unconnected port s00_axi_araddr[2]
WARNING: [Synth 8-3331] design FiltroFirAxi_v3_0 has unconnected port s00_axi_araddr[1]
WARNING: [Synth 8-3331] design FiltroFirAxi_v3_0 has unconnected port s00_axi_araddr[0]
WARNING: [Synth 8-3331] design FiltroFirAxi_v3_0 has unconnected port s00_axi_arprot[2]
WARNING: [Synth 8-3331] design FiltroFirAxi_v3_0 has unconnected port s00_axi_arprot[1]
WARNING: [Synth 8-3331] design FiltroFirAxi_v3_0 has unconnected port s00_axi_arprot[0]
INFO: [Synth 8-3333] propagating constant 0 across sequential element (\FiltroFirAxi_v3_0_S00_AXI_inst/reg_data_out_reg[10] )
INFO: [Synth 8-3333] propagating constant 0 across sequential element (\FiltroFirAxi_v3_0_S00_AXI_inst/reg_data_out_reg[11] )
INFO: [Synth 8-3333] propagating constant 0 across sequential element (\FiltroFirAxi_v3_0_S00_AXI_inst/reg_data_out_reg[12] )
INFO: [Synth 8-3333] propagating constant 0 across sequential element (\FiltroFirAxi_v3_0_S00_AXI_inst/reg_data_out_reg[13] )
INFO: [Synth 8-3333] propagating constant 0 across sequential element (\FiltroFirAxi_v3_0_S00_AXI_inst/reg_data_out_reg[14] )
INFO: [Synth 8-3333] propagating constant 0 across sequential element (\FiltroFirAxi_v3_0_S00_AXI_inst/reg_data_out_reg[15] )
INFO: [Synth 8-3333] propagating constant 0 across sequential element (\FiltroFirAxi_v3_0_S00_AXI_inst/reg_data_out_reg[16] )
INFO: [Synth 8-3333] propagating constant 0 across sequential element (\FiltroFirAxi_v3_0_S00_AXI_inst/reg_data_out_reg[17] )
INFO: [Synth 8-3333] propagating constant 0 across sequential element (\FiltroFirAxi_v3_0_S00_AXI_inst/reg_data_out_reg[18] )
INFO: [Synth 8-3333] propagating constant 0 across sequential element (\FiltroFirAxi_v3_0_S00_AXI_inst/reg_data_out_reg[19] )
INFO: [Synth 8-3333] propagating constant 0 across sequential element (\FiltroFirAxi_v3_0_S00_AXI_inst/reg_data_out_reg[20] )
INFO: [Synth 8-3333] propagating constant 0 across sequential element (\FiltroFirAxi_v3_0_S00_AXI_inst/reg_data_out_reg[21] )
INFO: [Synth 8-3333] propagating constant 0 across sequential element (\FiltroFirAxi_v3_0_S00_AXI_inst/reg_data_out_reg[22] )
INFO: [Synth 8-3333] propagating constant 0 across sequential element (\FiltroFirAxi_v3_0_S00_AXI_inst/reg_data_out_reg[23] )
INFO: [Synth 8-3333] propagating constant 0 across sequential element (\FiltroFirAxi_v3_0_S00_AXI_inst/reg_data_out_reg[24] )
INFO: [Synth 8-3333] propagating constant 0 across sequential element (\FiltroFirAxi_v3_0_S00_AXI_inst/reg_data_out_reg[25] )
INFO: [Synth 8-3333] propagating constant 0 across sequential element (\FiltroFirAxi_v3_0_S00_AXI_inst/reg_data_out_reg[26] )
INFO: [Synth 8-3333] propagating constant 0 across sequential element (\FiltroFirAxi_v3_0_S00_AXI_inst/reg_data_out_reg[27] )
INFO: [Synth 8-3333] propagating constant 0 across sequential element (\FiltroFirAxi_v3_0_S00_AXI_inst/reg_data_out_reg[28] )
INFO: [Synth 8-3333] propagating constant 0 across sequential element (\FiltroFirAxi_v3_0_S00_AXI_inst/reg_data_out_reg[29] )
INFO: [Synth 8-3333] propagating constant 0 across sequential element (\FiltroFirAxi_v3_0_S00_AXI_inst/reg_data_out_reg[30] )
INFO: [Synth 8-3333] propagating constant 0 across sequential element (\FiltroFirAxi_v3_0_S00_AXI_inst/reg_data_out_reg[31] )
INFO: [Synth 8-3886] merging instance 'FiltroFirAxi_v3_0_S00_AXI_inst/axi_rresp_reg[0]' (FDRE) to 'FiltroFirAxi_v3_0_S00_AXI_inst/axi_rresp_reg[1]'
INFO: [Synth 8-3333] propagating constant 0 across sequential element (\FiltroFirAxi_v3_0_S00_AXI_inst/axi_rresp_reg[1] )
INFO: [Synth 8-3886] merging instance 'FiltroFirAxi_v3_0_S00_AXI_inst/axi_rdata_reg[0]' (FDRE) to 'FiltroFirAxi_v3_0_S00_AXI_inst/axi_rdata_reg[31]'
INFO: [Synth 8-3886] merging instance 'FiltroFirAxi_v3_0_S00_AXI_inst/axi_rdata_reg[1]' (FDRE) to 'FiltroFirAxi_v3_0_S00_AXI_inst/axi_rdata_reg[31]'
INFO: [Synth 8-3886] merging instance 'FiltroFirAxi_v3_0_S00_AXI_inst/axi_rdata_reg[2]' (FDRE) to 'FiltroFirAxi_v3_0_S00_AXI_inst/axi_rdata_reg[31]'
INFO: [Synth 8-3886] merging instance 'FiltroFirAxi_v3_0_S00_AXI_inst/axi_rdata_reg[3]' (FDRE) to 'FiltroFirAxi_v3_0_S00_AXI_inst/axi_rdata_reg[31]'
INFO: [Synth 8-3886] merging instance 'FiltroFirAxi_v3_0_S00_AXI_inst/axi_rdata_reg[4]' (FDRE) to 'FiltroFirAxi_v3_0_S00_AXI_inst/axi_rdata_reg[31]'
INFO: [Synth 8-3886] merging instance 'FiltroFirAxi_v3_0_S00_AXI_inst/axi_rdata_reg[5]' (FDRE) to 'FiltroFirAxi_v3_0_S00_AXI_inst/axi_rdata_reg[31]'
INFO: [Synth 8-3886] merging instance 'FiltroFirAxi_v3_0_S00_AXI_inst/axi_rdata_reg[6]' (FDRE) to 'FiltroFirAxi_v3_0_S00_AXI_inst/axi_rdata_reg[31]'
INFO: [Synth 8-3886] merging instance 'FiltroFirAxi_v3_0_S00_AXI_inst/axi_rdata_reg[7]' (FDRE) to 'FiltroFirAxi_v3_0_S00_AXI_inst/axi_rdata_reg[31]'
INFO: [Synth 8-3886] merging instance 'FiltroFirAxi_v3_0_S00_AXI_inst/axi_rdata_reg[8]' (FDRE) to 'FiltroFirAxi_v3_0_S00_AXI_inst/axi_rdata_reg[31]'
INFO: [Synth 8-3886] merging instance 'FiltroFirAxi_v3_0_S00_AXI_inst/axi_rdata_reg[9]' (FDRE) to 'FiltroFirAxi_v3_0_S00_AXI_inst/axi_rdata_reg[31]'
INFO: [Synth 8-3886] merging instance 'FiltroFirAxi_v3_0_S00_AXI_inst/axi_rdata_reg[10]' (FDRE) to 'FiltroFirAxi_v3_0_S00_AXI_inst/axi_rdata_reg[31]'
INFO: [Synth 8-3886] merging instance 'FiltroFirAxi_v3_0_S00_AXI_inst/axi_rdata_reg[11]' (FDRE) to 'FiltroFirAxi_v3_0_S00_AXI_inst/axi_rdata_reg[31]'
INFO: [Synth 8-3886] merging instance 'FiltroFirAxi_v3_0_S00_AXI_inst/axi_rdata_reg[12]' (FDRE) to 'FiltroFirAxi_v3_0_S00_AXI_inst/axi_rdata_reg[31]'
INFO: [Synth 8-3886] merging instance 'FiltroFirAxi_v3_0_S00_AXI_inst/axi_rdata_reg[13]' (FDRE) to 'FiltroFirAxi_v3_0_S00_AXI_inst/axi_rdata_reg[31]'
INFO: [Synth 8-3886] merging instance 'FiltroFirAxi_v3_0_S00_AXI_inst/axi_rdata_reg[14]' (FDRE) to 'FiltroFirAxi_v3_0_S00_AXI_inst/axi_rdata_reg[31]'
INFO: [Synth 8-3886] merging instance 'FiltroFirAxi_v3_0_S00_AXI_inst/axi_rdata_reg[15]' (FDRE) to 'FiltroFirAxi_v3_0_S00_AXI_inst/axi_rdata_reg[31]'
INFO: [Synth 8-3886] merging instance 'FiltroFirAxi_v3_0_S00_AXI_inst/axi_rdata_reg[16]' (FDRE) to 'FiltroFirAxi_v3_0_S00_AXI_inst/axi_rdata_reg[31]'
INFO: [Synth 8-3886] merging instance 'FiltroFirAxi_v3_0_S00_AXI_inst/axi_rdata_reg[17]' (FDRE) to 'FiltroFirAxi_v3_0_S00_AXI_inst/axi_rdata_reg[31]'
INFO: [Synth 8-3886] merging instance 'FiltroFirAxi_v3_0_S00_AXI_inst/axi_rdata_reg[18]' (FDRE) to 'FiltroFirAxi_v3_0_S00_AXI_inst/axi_rdata_reg[31]'
INFO: [Synth 8-3886] merging instance 'FiltroFirAxi_v3_0_S00_AXI_inst/axi_rdata_reg[19]' (FDRE) to 'FiltroFirAxi_v3_0_S00_AXI_inst/axi_rdata_reg[31]'
INFO: [Synth 8-3886] merging instance 'FiltroFirAxi_v3_0_S00_AXI_inst/axi_rdata_reg[20]' (FDRE) to 'FiltroFirAxi_v3_0_S00_AXI_inst/axi_rdata_reg[31]'
INFO: [Synth 8-3886] merging instance 'FiltroFirAxi_v3_0_S00_AXI_inst/axi_rdata_reg[21]' (FDRE) to 'FiltroFirAxi_v3_0_S00_AXI_inst/axi_rdata_reg[31]'
INFO: [Synth 8-3886] merging instance 'FiltroFirAxi_v3_0_S00_AXI_inst/axi_rdata_reg[22]' (FDRE) to 'FiltroFirAxi_v3_0_S00_AXI_inst/axi_rdata_reg[31]'
INFO: [Synth 8-3886] merging instance 'FiltroFirAxi_v3_0_S00_AXI_inst/axi_rdata_reg[23]' (FDRE) to 'FiltroFirAxi_v3_0_S00_AXI_inst/axi_rdata_reg[31]'
INFO: [Synth 8-3886] merging instance 'FiltroFirAxi_v3_0_S00_AXI_inst/axi_rdata_reg[24]' (FDRE) to 'FiltroFirAxi_v3_0_S00_AXI_inst/axi_rdata_reg[31]'
INFO: [Synth 8-3886] merging instance 'FiltroFirAxi_v3_0_S00_AXI_inst/axi_rdata_reg[25]' (FDRE) to 'FiltroFirAxi_v3_0_S00_AXI_inst/axi_rdata_reg[31]'
INFO: [Synth 8-3886] merging instance 'FiltroFirAxi_v3_0_S00_AXI_inst/axi_rdata_reg[26]' (FDRE) to 'FiltroFirAxi_v3_0_S00_AXI_inst/axi_rdata_reg[31]'
INFO: [Synth 8-3886] merging instance 'FiltroFirAxi_v3_0_S00_AXI_inst/axi_rdata_reg[27]' (FDRE) to 'FiltroFirAxi_v3_0_S00_AXI_inst/axi_rdata_reg[31]'
INFO: [Synth 8-3886] merging instance 'FiltroFirAxi_v3_0_S00_AXI_inst/axi_rdata_reg[28]' (FDRE) to 'FiltroFirAxi_v3_0_S00_AXI_inst/axi_rdata_reg[31]'
INFO: [Synth 8-3886] merging instance 'FiltroFirAxi_v3_0_S00_AXI_inst/axi_rdata_reg[29]' (FDRE) to 'FiltroFirAxi_v3_0_S00_AXI_inst/axi_rdata_reg[31]'
INFO: [Synth 8-3886] merging instance 'FiltroFirAxi_v3_0_S00_AXI_inst/axi_rdata_reg[30]' (FDRE) to 'FiltroFirAxi_v3_0_S00_AXI_inst/axi_rdata_reg[31]'
INFO: [Synth 8-3886] merging instance 'FiltroFirAxi_v3_0_S00_AXI_inst/axi_bresp_reg[0]' (FDRE) to 'FiltroFirAxi_v3_0_S00_AXI_inst/axi_bresp_reg[1]'
INFO: [Synth 8-3333] propagating constant 0 across sequential element (\FiltroFirAxi_v3_0_S00_AXI_inst/axi_bresp_reg[1] )
CRITICAL WARNING: [Synth 8-6859] multi-driven net on pin fir_valid with 1st driver pin 'FiltroFirAxi_v3_0_S00_AXI_inst/FiltroFirAxi_inst/fir_valid_reg/Q' [H:/Jorge/UPM/master/1erCuatri/DES/Trabajo_filtroFIR/FILTRO-FIR---DES/FiltroFir_v3-0/edit_FiltroFirAxi_v3_0.srcs/sources_1/imports/FiltroFirAxi_3.0/src/CodigoFir.vhd:83]
CRITICAL WARNING: [Synth 8-6859] multi-driven net on pin fir_valid with 2nd driver pin 'GND' [H:/Jorge/UPM/master/1erCuatri/DES/Trabajo_filtroFIR/FILTRO-FIR---DES/FiltroFir_v3-0/edit_FiltroFirAxi_v3_0.srcs/sources_1/imports/FiltroFirAxi_3.0/src/CodigoFir.vhd:83]
CRITICAL WARNING: [Synth 8-6858] multi-driven net fir_valid is connected to at least one constant driver which has been preserved, other driver is ignored [H:/Jorge/UPM/master/1erCuatri/DES/Trabajo_filtroFIR/FILTRO-FIR---DES/FiltroFir_v3-0/edit_FiltroFirAxi_v3_0.srcs/sources_1/imports/FiltroFirAxi_3.0/src/CodigoFir.vhd:83]
WARNING: [Synth 8-3332] Sequential element (FiltroFirAxi_v3_0_S00_AXI_inst/reg_data_out_reg[31]) is unused and will be removed from module FiltroFirAxi_v3_0.
WARNING: [Synth 8-3332] Sequential element (FiltroFirAxi_v3_0_S00_AXI_inst/reg_data_out_reg[30]) is unused and will be removed from module FiltroFirAxi_v3_0.
WARNING: [Synth 8-3332] Sequential element (FiltroFirAxi_v3_0_S00_AXI_inst/reg_data_out_reg[29]) is unused and will be removed from module FiltroFirAxi_v3_0.
WARNING: [Synth 8-3332] Sequential element (FiltroFirAxi_v3_0_S00_AXI_inst/reg_data_out_reg[28]) is unused and will be removed from module FiltroFirAxi_v3_0.
WARNING: [Synth 8-3332] Sequential element (FiltroFirAxi_v3_0_S00_AXI_inst/reg_data_out_reg[27]) is unused and will be removed from module FiltroFirAxi_v3_0.
WARNING: [Synth 8-3332] Sequential element (FiltroFirAxi_v3_0_S00_AXI_inst/reg_data_out_reg[26]) is unused and will be removed from module FiltroFirAxi_v3_0.
WARNING: [Synth 8-3332] Sequential element (FiltroFirAxi_v3_0_S00_AXI_inst/reg_data_out_reg[25]) is unused and will be removed from module FiltroFirAxi_v3_0.
WARNING: [Synth 8-3332] Sequential element (FiltroFirAxi_v3_0_S00_AXI_inst/reg_data_out_reg[24]) is unused and will be removed from module FiltroFirAxi_v3_0.
WARNING: [Synth 8-3332] Sequential element (FiltroFirAxi_v3_0_S00_AXI_inst/reg_data_out_reg[23]) is unused and will be removed from module FiltroFirAxi_v3_0.
WARNING: [Synth 8-3332] Sequential element (FiltroFirAxi_v3_0_S00_AXI_inst/reg_data_out_reg[22]) is unused and will be removed from module FiltroFirAxi_v3_0.
WARNING: [Synth 8-3332] Sequential element (FiltroFirAxi_v3_0_S00_AXI_inst/reg_data_out_reg[21]) is unused and will be removed from module FiltroFirAxi_v3_0.
WARNING: [Synth 8-3332] Sequential element (FiltroFirAxi_v3_0_S00_AXI_inst/reg_data_out_reg[20]) is unused and will be removed from module FiltroFirAxi_v3_0.
WARNING: [Synth 8-3332] Sequential element (FiltroFirAxi_v3_0_S00_AXI_inst/reg_data_out_reg[19]) is unused and will be removed from module FiltroFirAxi_v3_0.
WARNING: [Synth 8-3332] Sequential element (FiltroFirAxi_v3_0_S00_AXI_inst/reg_data_out_reg[18]) is unused and will be removed from module FiltroFirAxi_v3_0.
WARNING: [Synth 8-3332] Sequential element (FiltroFirAxi_v3_0_S00_AXI_inst/reg_data_out_reg[17]) is unused and will be removed from module FiltroFirAxi_v3_0.
WARNING: [Synth 8-3332] Sequential element (FiltroFirAxi_v3_0_S00_AXI_inst/reg_data_out_reg[16]) is unused and will be removed from module FiltroFirAxi_v3_0.
WARNING: [Synth 8-3332] Sequential element (FiltroFirAxi_v3_0_S00_AXI_inst/reg_data_out_reg[15]) is unused and will be removed from module FiltroFirAxi_v3_0.
WARNING: [Synth 8-3332] Sequential element (FiltroFirAxi_v3_0_S00_AXI_inst/reg_data_out_reg[14]) is unused and will be removed from module FiltroFirAxi_v3_0.
WARNING: [Synth 8-3332] Sequential element (FiltroFirAxi_v3_0_S00_AXI_inst/reg_data_out_reg[13]) is unused and will be removed from module FiltroFirAxi_v3_0.
WARNING: [Synth 8-3332] Sequential element (FiltroFirAxi_v3_0_S00_AXI_inst/reg_data_out_reg[12]) is unused and will be removed from module FiltroFirAxi_v3_0.
WARNING: [Synth 8-3332] Sequential element (FiltroFirAxi_v3_0_S00_AXI_inst/reg_data_out_reg[11]) is unused and will be removed from module FiltroFirAxi_v3_0.
WARNING: [Synth 8-3332] Sequential element (FiltroFirAxi_v3_0_S00_AXI_inst/reg_data_out_reg[10]) is unused and will be removed from module FiltroFirAxi_v3_0.
---------------------------------------------------------------------------------
Finished Cross Boundary and Area Optimization : Time (s): cpu = 00:00:08 ; elapsed = 00:00:08 . Memory (MB): peak = 684.594 ; gain = 314.305
---------------------------------------------------------------------------------

Report RTL Partitions: 
+-+--------------+------------+----------+
| |RTL Partition |Replication |Instances |
+-+--------------+------------+----------+
+-+--------------+------------+----------+
No constraint files found.
---------------------------------------------------------------------------------
Start Timing Optimization
---------------------------------------------------------------------------------
---------------------------------------------------------------------------------
Finished Timing Optimization : Time (s): cpu = 00:00:08 ; elapsed = 00:00:08 . Memory (MB): peak = 684.594 ; gain = 314.305
---------------------------------------------------------------------------------

Report RTL Partitions: 
+-+--------------+------------+----------+
| |RTL Partition |Replication |Instances |
+-+--------------+------------+----------+
+-+--------------+------------+----------+
---------------------------------------------------------------------------------
Start Technology Mapping
---------------------------------------------------------------------------------
---------------------------------------------------------------------------------
Finished Technology Mapping : Time (s): cpu = 00:00:08 ; elapsed = 00:00:08 . Memory (MB): peak = 684.594 ; gain = 314.305
---------------------------------------------------------------------------------

Report RTL Partitions: 
+-+--------------+------------+----------+
| |RTL Partition |Replication |Instances |
+-+--------------+------------+----------+
+-+--------------+------------+----------+
---------------------------------------------------------------------------------
Start IO Insertion
---------------------------------------------------------------------------------
---------------------------------------------------------------------------------
Start Flattening Before IO Insertion
---------------------------------------------------------------------------------
---------------------------------------------------------------------------------
Finished Flattening Before IO Insertion
---------------------------------------------------------------------------------
---------------------------------------------------------------------------------
Start Final Netlist Cleanup
---------------------------------------------------------------------------------
---------------------------------------------------------------------------------
Finished Final Netlist Cleanup
---------------------------------------------------------------------------------
---------------------------------------------------------------------------------
Finished IO Insertion : Time (s): cpu = 00:00:10 ; elapsed = 00:00:09 . Memory (MB): peak = 684.594 ; gain = 314.305
---------------------------------------------------------------------------------

Report Check Netlist: 
+------+------------------+-------+---------+-------+------------------+
|      |Item              |Errors |Warnings |Status |Description       |
+------+------------------+-------+---------+-------+------------------+
|1     |multi_driven_nets |      0|        0|Passed |Multi driven nets |
+------+------------------+-------+---------+-------+------------------+
---------------------------------------------------------------------------------
Start Renaming Generated Instances
---------------------------------------------------------------------------------
---------------------------------------------------------------------------------
Finished Renaming Generated Instances : Time (s): cpu = 00:00:10 ; elapsed = 00:00:09 . Memory (MB): peak = 684.594 ; gain = 314.305
---------------------------------------------------------------------------------

Report RTL Partitions: 
+-+--------------+------------+----------+
| |RTL Partition |Replication |Instances |
+-+--------------+------------+----------+
+-+--------------+------------+----------+
---------------------------------------------------------------------------------
Start Rebuilding User Hierarchy
---------------------------------------------------------------------------------
---------------------------------------------------------------------------------
Finished Rebuilding User Hierarchy : Time (s): cpu = 00:00:10 ; elapsed = 00:00:09 . Memory (MB): peak = 684.594 ; gain = 314.305
---------------------------------------------------------------------------------
---------------------------------------------------------------------------------
Start Renaming Generated Ports
---------------------------------------------------------------------------------
---------------------------------------------------------------------------------
Finished Renaming Generated Ports : Time (s): cpu = 00:00:10 ; elapsed = 00:00:09 . Memory (MB): peak = 684.594 ; gain = 314.305
---------------------------------------------------------------------------------
---------------------------------------------------------------------------------
Start Handling Custom Attributes
---------------------------------------------------------------------------------
---------------------------------------------------------------------------------
Finished Handling Custom Attributes : Time (s): cpu = 00:00:10 ; elapsed = 00:00:09 . Memory (MB): peak = 684.594 ; gain = 314.305
---------------------------------------------------------------------------------
---------------------------------------------------------------------------------
Start Renaming Generated Nets
---------------------------------------------------------------------------------
---------------------------------------------------------------------------------
Finished Renaming Generated Nets : Time (s): cpu = 00:00:10 ; elapsed = 00:00:09 . Memory (MB): peak = 684.594 ; gain = 314.305
---------------------------------------------------------------------------------
---------------------------------------------------------------------------------
Start Writing Synthesis Report
---------------------------------------------------------------------------------

Report BlackBoxes: 
+-+--------------+----------+
| |BlackBox name |Instances |
+-+--------------+----------+
+-+--------------+----------+

Report Cell Usage: 
+------+-----+------+
|      |Cell |Count |
+------+-----+------+
|1     |BUFG |     1|
|2     |LUT1 |     1|
|3     |LUT2 |     1|
|4     |LUT4 |     3|
|5     |LUT6 |     2|
|6     |FDRE |     5|
|7     |FDSE |     1|
|8     |IBUF |     7|
|9     |OBUF |    41|
+------+-----+------+

Report Instance Areas: 
+------+---------------------------------+--------------------------+------+
|      |Instance                         |Module                    |Cells |
+------+---------------------------------+--------------------------+------+
|1     |top                              |                          |    62|
|2     |  FiltroFirAxi_v3_0_S00_AXI_inst |FiltroFirAxi_v3_0_S00_AXI |    13|
+------+---------------------------------+--------------------------+------+
---------------------------------------------------------------------------------
Finished Writing Synthesis Report : Time (s): cpu = 00:00:10 ; elapsed = 00:00:09 . Memory (MB): peak = 684.594 ; gain = 314.305
---------------------------------------------------------------------------------
Synthesis finished with 0 errors, 3 critical warnings and 48 warnings.
Synthesis Optimization Runtime : Time (s): cpu = 00:00:10 ; elapsed = 00:00:09 . Memory (MB): peak = 684.594 ; gain = 314.305
Synthesis Optimization Complete : Time (s): cpu = 00:00:10 ; elapsed = 00:00:09 . Memory (MB): peak = 684.594 ; gain = 314.305
INFO: [Project 1-571] Translating synthesized netlist
INFO: [Project 1-570] Preparing netlist for logic optimization
INFO: [Opt 31-138] Pushed 0 inverter(s) to 0 load pin(s).
Netlist sorting complete. Time (s): cpu = 00:00:00 ; elapsed = 00:00:00 . Memory (MB): peak = 798.082 ; gain = 0.000
INFO: [Project 1-111] Unisim Transformation Summary:
No Unisim elements were transformed.

INFO: [Common 17-83] Releasing license: Synthesis
77 Infos, 50 Warnings, 3 Critical Warnings and 0 Errors encountered.
synth_design completed successfully
synth_design: Time (s): cpu = 00:00:15 ; elapsed = 00:00:15 . Memory (MB): peak = 798.082 ; gain = 440.742
Netlist sorting complete. Time (s): cpu = 00:00:00 ; elapsed = 00:00:00 . Memory (MB): peak = 798.082 ; gain = 0.000
WARNING: [Constraints 18-5210] No constraints selected for write.
Resolution: This message can indicate that there are no constraints for the design, or it can indicate that the used_in flags are set such that the constraints are ignored. This later case is used when running synth_design to not write synthesis constraints to the resulting checkpoint. Instead, project constraints are read when the synthesized design is opened.
INFO: [Common 17-1381] The checkpoint 'H:/Jorge/UPM/master/1erCuatri/DES/Trabajo_filtroFIR/FILTRO-FIR---DES/FiltroFir_v3-0/edit_FiltroFirAxi_v3_0.runs/synth_1/FiltroFirAxi_v3_0.dcp' has been generated.
INFO: [runtcl-4] Executing : report_utilization -file FiltroFirAxi_v3_0_utilization_synth.rpt -pb FiltroFirAxi_v3_0_utilization_synth.pb
INFO: [Common 17-206] Exiting Vivado at Fri Jul  5 10:34:27 2019...
