
*** Running vivado
    with args -log design_1_ila_0_1.vds -m64 -product Vivado -mode batch -messageDb vivado.pb -notrace -source design_1_ila_0_1.tcl


****** Vivado v2017.1 (64-bit)
  **** SW Build 1846317 on Fri Apr 14 18:55:03 MDT 2017
  **** IP Build 1846188 on Fri Apr 14 20:52:08 MDT 2017
    ** Copyright 1986-2017 Xilinx, Inc. All Rights Reserved.

source design_1_ila_0_1.tcl -notrace
Starting RTL Elaboration : Time (s): cpu = 00:00:07 ; elapsed = 00:00:08 . Memory (MB): peak = 429.152 ; gain = 108.469
INFO: [Synth 8-638] synthesizing module 'design_1_ila_0_1' [c:/Users/Pract/Desktop/FILTRO-FIR---DES/2017.1/FiltroFir/project_2/project_2.srcs/sources_1/bd/design_1/ip/design_1_ila_0_1/synth/design_1_ila_0_1.vhd:80]
INFO: [Synth 8-638] synthesizing module 'CFGLUT5' [C:/Xilinx/Vivado/2017.1/scripts/rt/data/unisim_comp.v:998]
INFO: [Synth 8-256] done synthesizing module 'CFGLUT5' (8#1) [C:/Xilinx/Vivado/2017.1/scripts/rt/data/unisim_comp.v:998]
INFO: [Synth 8-638] synthesizing module 'CARRY4' [C:/Xilinx/Vivado/2017.1/scripts/rt/data/unisim_comp.v:961]
INFO: [Synth 8-256] done synthesizing module 'CARRY4' (9#1) [C:/Xilinx/Vivado/2017.1/scripts/rt/data/unisim_comp.v:961]
INFO: [Synth 8-638] synthesizing module 'SRLC32E' [C:/Xilinx/Vivado/2017.1/scripts/rt/data/unisim_comp.v:43823]
INFO: [Synth 8-256] done synthesizing module 'SRLC32E' (19#1) [C:/Xilinx/Vivado/2017.1/scripts/rt/data/unisim_comp.v:43823]
INFO: [Synth 8-638] synthesizing module 'SRL16E' [C:/Xilinx/Vivado/2017.1/scripts/rt/data/unisim_comp.v:43673]
INFO: [Synth 8-256] done synthesizing module 'SRL16E' (21#1) [C:/Xilinx/Vivado/2017.1/scripts/rt/data/unisim_comp.v:43673]
INFO: [Synth 8-638] synthesizing module 'SRLC16E' [C:/Xilinx/Vivado/2017.1/scripts/rt/data/unisim_comp.v:43762]
INFO: [Synth 8-256] done synthesizing module 'SRLC16E' (23#1) [C:/Xilinx/Vivado/2017.1/scripts/rt/data/unisim_comp.v:43762]
INFO: [Synth 8-638] synthesizing module 'FDRE' [C:/Xilinx/Vivado/2017.1/scripts/rt/data/unisim_comp.v:3964]
INFO: [Synth 8-256] done synthesizing module 'FDRE' (28#1) [C:/Xilinx/Vivado/2017.1/scripts/rt/data/unisim_comp.v:3964]
INFO: [Synth 8-256] done synthesizing module 'design_1_ila_0_1' (46#1) [c:/Users/Pract/Desktop/FILTRO-FIR---DES/2017.1/FiltroFir/project_2/project_2.srcs/sources_1/bd/design_1/ip/design_1_ila_0_1/synth/design_1_ila_0_1.vhd:80]
Finished RTL Elaboration : Time (s): cpu = 00:01:10 ; elapsed = 00:01:12 . Memory (MB): peak = 840.020 ; gain = 519.336
Finished RTL Optimization Phase 1 : Time (s): cpu = 00:01:10 ; elapsed = 00:01:12 . Memory (MB): peak = 840.020 ; gain = 519.336
INFO: [Device 21-403] Loading part xc7z020clg400-1
Constraint Validation Runtime : Time (s): cpu = 00:00:00 ; elapsed = 00:00:00.092 . Memory (MB): peak = 878.363 ; gain = 0.375
Finished Constraint Validation : Time (s): cpu = 00:01:25 ; elapsed = 00:01:28 . Memory (MB): peak = 878.363 ; gain = 557.680
Finished Loading Part and Timing Information : Time (s): cpu = 00:01:25 ; elapsed = 00:01:28 . Memory (MB): peak = 878.363 ; gain = 557.680
Finished applying 'set_property' XDC Constraints : Time (s): cpu = 00:01:25 ; elapsed = 00:01:28 . Memory (MB): peak = 878.363 ; gain = 557.680
Finished RTL Optimization Phase 2 : Time (s): cpu = 00:01:28 ; elapsed = 00:01:31 . Memory (MB): peak = 878.363 ; gain = 557.680
Finished Cross Boundary and Area Optimization : Time (s): cpu = 00:01:36 ; elapsed = 00:01:41 . Memory (MB): peak = 878.363 ; gain = 557.680
Finished Applying XDC Timing Constraints : Time (s): cpu = 00:01:45 ; elapsed = 00:01:50 . Memory (MB): peak = 878.363 ; gain = 557.680
Finished Timing Optimization : Time (s): cpu = 00:01:46 ; elapsed = 00:01:51 . Memory (MB): peak = 878.363 ; gain = 557.680
Finished Technology Mapping : Time (s): cpu = 00:01:47 ; elapsed = 00:01:52 . Memory (MB): peak = 902.004 ; gain = 581.320
Finished IO Insertion : Time (s): cpu = 00:01:48 ; elapsed = 00:01:53 . Memory (MB): peak = 902.004 ; gain = 581.320
Finished Renaming Generated Instances : Time (s): cpu = 00:01:48 ; elapsed = 00:01:53 . Memory (MB): peak = 902.004 ; gain = 581.320
Finished Rebuilding User Hierarchy : Time (s): cpu = 00:01:48 ; elapsed = 00:01:53 . Memory (MB): peak = 902.004 ; gain = 581.320
Finished Renaming Generated Ports : Time (s): cpu = 00:01:48 ; elapsed = 00:01:53 . Memory (MB): peak = 902.004 ; gain = 581.320
Finished Handling Custom Attributes : Time (s): cpu = 00:01:48 ; elapsed = 00:01:53 . Memory (MB): peak = 902.004 ; gain = 581.320
Finished Renaming Generated Nets : Time (s): cpu = 00:01:48 ; elapsed = 00:01:53 . Memory (MB): peak = 902.004 ; gain = 581.320

Report Cell Usage: 
+------+---------+------+
|      |Cell     |Count |
+------+---------+------+
|1     |CARRY4   |    57|
|2     |CFGLUT5  |   159|
|3     |LUT1     |    45|
|4     |LUT2     |    57|
|5     |LUT3     |   105|
|6     |LUT4     |   256|
|7     |LUT5     |   147|
|8     |LUT6     |   708|
|9     |MUXF7    |    45|
|10    |MUXF8    |     3|
|11    |RAMB36E1 |     3|
|12    |SRL16E   |   102|
|13    |SRLC16E  |     2|
|14    |SRLC32E  |    17|
|15    |FDRE     |  2132|
|16    |FDSE     |     9|
+------+---------+------+
Finished Writing Synthesis Report : Time (s): cpu = 00:01:48 ; elapsed = 00:01:53 . Memory (MB): peak = 902.004 ; gain = 581.320
synth_design: Time (s): cpu = 00:01:52 ; elapsed = 00:01:57 . Memory (MB): peak = 902.004 ; gain = 581.320
