
*** Running vivado
    with args -log design_1_wrapper.vdi -applog -m64 -product Vivado -messageDb vivado.pb -mode batch -source design_1_wrapper.tcl -notrace


****** Vivado v2017.1 (64-bit)
  **** SW Build 1846317 on Fri Apr 14 18:55:03 MDT 2017
  **** IP Build 1846188 on Fri Apr 14 20:52:08 MDT 2017
    ** Copyright 1986-2017 Xilinx, Inc. All Rights Reserved.

source design_1_wrapper.tcl -notrace
Command: open_checkpoint C:/Users/Pract/Desktop/ILA/2017.1/FiltroFir/project_2/project_2.runs/impl_1/design_1_wrapper.dcp

Starting open_checkpoint Task

Time (s): cpu = 00:00:00 ; elapsed = 00:00:00.017 . Memory (MB): peak = 219.836 ; gain = 0.000
INFO: [Netlist 29-17] Analyzing 85 Unisim elements for replacement
INFO: [Netlist 29-28] Unisim Transformation completed in 0 CPU seconds
INFO: [Project 1-479] Netlist was created with Vivado 2017.1
INFO: [Device 21-403] Loading part xc7z020clg400-1
INFO: [Project 1-570] Preparing netlist for logic optimization
Parsing XDC File [C:/Users/Pract/Desktop/ILA/2017.1/FiltroFir/project_2/project_2.runs/impl_1/.Xil/Vivado-7548-ACER_1/dcp3/design_1_wrapper_board.xdc]
Finished Parsing XDC File [C:/Users/Pract/Desktop/ILA/2017.1/FiltroFir/project_2/project_2.runs/impl_1/.Xil/Vivado-7548-ACER_1/dcp3/design_1_wrapper_board.xdc]
Parsing XDC File [C:/Users/Pract/Desktop/ILA/2017.1/FiltroFir/project_2/project_2.runs/impl_1/.Xil/Vivado-7548-ACER_1/dcp3/design_1_wrapper_early.xdc]
Finished Parsing XDC File [C:/Users/Pract/Desktop/ILA/2017.1/FiltroFir/project_2/project_2.runs/impl_1/.Xil/Vivado-7548-ACER_1/dcp3/design_1_wrapper_early.xdc]
Parsing XDC File [C:/Users/Pract/Desktop/ILA/2017.1/FiltroFir/project_2/project_2.runs/impl_1/.Xil/Vivado-7548-ACER_1/dcp3/design_1_wrapper.xdc]
Finished Parsing XDC File [C:/Users/Pract/Desktop/ILA/2017.1/FiltroFir/project_2/project_2.runs/impl_1/.Xil/Vivado-7548-ACER_1/dcp3/design_1_wrapper.xdc]
Reading XDEF placement.
Reading placer database...
Reading XDEF routing.
Read XDEF File: Time (s): cpu = 00:00:01 ; elapsed = 00:00:00.199 . Memory (MB): peak = 610.445 ; gain = 0.313
Restored from archive | CPU: 1.000000 secs | Memory: 0.000000 MB |
Finished XDEF File Restore: Time (s): cpu = 00:00:01 ; elapsed = 00:00:00.200 . Memory (MB): peak = 610.445 ; gain = 0.313
INFO: [Project 1-111] Unisim Transformation Summary:
No Unisim elements were transformed.

INFO: [Project 1-604] Checkpoint was created with Vivado v2017.1 (64-bit) build 1846317
open_checkpoint: Time (s): cpu = 00:00:08 ; elapsed = 00:00:09 . Memory (MB): peak = 610.449 ; gain = 399.016
CRITICAL WARNING: [Pfi 67-13] Hardware Handoff file design_1_processing_system7_0_0.hwdef does not exist for instance design_1_i/processing_system7_0/inst
Command: opt_design
Attempting to get a license for feature 'Implementation' and/or device 'xc7z020-clg400'
INFO: [Common 17-349] Got license for feature 'Implementation' and/or device 'xc7z020-clg400'
Running DRC as a precondition to command opt_design

Starting DRC Task
Command: report_drc (run_mandatory_drcs) for: opt_checks
INFO: [DRC 23-27] Running DRC with 2 threads
report_drc (run_mandatory_drcs) completed successfully
INFO: [Project 1-461] DRC finished with 0 Errors
INFO: [Project 1-462] Please refer to the DRC report (report_drc) for more information.

Time (s): cpu = 00:00:00 ; elapsed = 00:00:00.373 . Memory (MB): peak = 621.941 ; gain = 10.555
INFO: [Timing 38-35] Done setting XDC timing constraints.

Starting Logic Optimization Task

Phase 1 Generate And Synthesize Debug Cores
INFO: [Chipscope 16-318] Generating core instance : dbg_hub
INFO: [IP_Flow 19-234] Refreshing IP repositories
INFO: [IP_Flow 19-1700] Loaded user IP repository 'c:/Users/Pract/Desktop/ILA/2017.1/FiltroFir/ip_repo'.
INFO: [IP_Flow 19-2313] Loaded Vivado IP repository 'C:/Xilinx/Vivado/2017.1/data/ip'.
INFO: [IP_Flow 19-3806] Processing IP xilinx.com:ip:xsdbm:3.0 for cell dbg_hub_CV.
INFO: [Chipscope 16-220] Re-using generated and synthesized IP, "xilinx.com:ip:xsdbm:3.0", from Vivado IP cache entry "3eca30cfb5205571".
INFO: [Chipscope 16-318] Generating core instance : u_ila_0
INFO: [IP_Flow 19-3806] Processing IP xilinx.com:ip:ila:6.2 for cell u_ila_0_CV.
Netlist sorting complete. Time (s): cpu = 00:00:00 ; elapsed = 00:00:00.107 . Memory (MB): peak = 1272.453 ; gain = 0.000
Phase 1 Generate And Synthesize Debug Cores | Checksum: 18e890d61

Time (s): cpu = 00:00:05 ; elapsed = 00:03:35 . Memory (MB): peak = 1272.453 ; gain = 104.902
INFO: [Timing 38-35] Done setting XDC timing constraints.

Phase 2 Retarget
INFO: [Opt 31-138] Pushed 0 inverter(s) to 0 load pin(s).
INFO: [Opt 31-49] Retargeted 0 cell(s).
Phase 2 Retarget | Checksum: 2138d389f

Time (s): cpu = 00:00:06 ; elapsed = 00:03:36 . Memory (MB): peak = 1310.980 ; gain = 143.430
INFO: [Opt 31-389] Phase Retarget created 0 cells and removed 116 cells

Phase 3 Constant propagation
INFO: [Opt 31-138] Pushed 0 inverter(s) to 0 load pin(s).
Phase 3 Constant propagation | Checksum: 1ff75b57f

Time (s): cpu = 00:00:07 ; elapsed = 00:03:36 . Memory (MB): peak = 1310.980 ; gain = 143.430
INFO: [Opt 31-389] Phase Constant propagation created 10 cells and removed 40 cells

Phase 4 Sweep
Phase 4 Sweep | Checksum: 24dba089a

Time (s): cpu = 00:00:07 ; elapsed = 00:03:36 . Memory (MB): peak = 1310.980 ; gain = 143.430
INFO: [Opt 31-389] Phase Sweep created 0 cells and removed 363 cells

Phase 5 BUFG optimization
Phase 5 BUFG optimization | Checksum: 24dba089a

Time (s): cpu = 00:00:07 ; elapsed = 00:03:37 . Memory (MB): peak = 1310.980 ; gain = 143.430
INFO: [Opt 31-389] Phase BUFG optimization created 0 cells and removed 0 cells

Phase 6 Shift Register Optimization
Phase 6 Shift Register Optimization | Checksum: 24dba089a

Time (s): cpu = 00:00:07 ; elapsed = 00:03:37 . Memory (MB): peak = 1310.980 ; gain = 143.430
INFO: [Opt 31-389] Phase Shift Register Optimization created 0 cells and removed 0 cells

Starting Connectivity Check Task

Time (s): cpu = 00:00:00 ; elapsed = 00:00:00.014 . Memory (MB): peak = 1310.980 ; gain = 0.000
Ending Logic Optimization Task | Checksum: 24dba089a

Time (s): cpu = 00:00:07 ; elapsed = 00:03:37 . Memory (MB): peak = 1310.980 ; gain = 143.430

Starting Power Optimization Task
INFO: [Pwropt 34-132] Skipping clock gating for clocks with a period < 2.00 ns.
INFO: [Timing 38-35] Done setting XDC timing constraints.
Running Vector-less Activity Propagation...

Finished Running Vector-less Activity Propagation
INFO: [Pwropt 34-9] Applying IDT optimizations ...
INFO: [Pwropt 34-10] Applying ODC optimizations ...


Starting PowerOpt Patch Enables Task
INFO: [Pwropt 34-162] WRITE_MODE attribute of 0 BRAM(s) out of a total of 108 has been updated to save power. Run report_power_opt to get a complete listing of the BRAMs updated.
INFO: [Pwropt 34-201] Structural ODC has moved 0 WE to EN ports
Number of BRAM Ports augmented: 72 newly gated: 0 Total Ports: 216
Number of Flops added for Enable Generation: 1

Ending PowerOpt Patch Enables Task | Checksum: 19e489e4b

Time (s): cpu = 00:00:00 ; elapsed = 00:00:00.111 . Memory (MB): peak = 1638.594 ; gain = 0.000
Ending Power Optimization Task | Checksum: 19e489e4b

Time (s): cpu = 00:00:14 ; elapsed = 00:00:13 . Memory (MB): peak = 1638.594 ; gain = 327.613
40 Infos, 0 Warnings, 1 Critical Warnings and 0 Errors encountered.
opt_design completed successfully
opt_design: Time (s): cpu = 00:00:31 ; elapsed = 00:03:59 . Memory (MB): peak = 1638.594 ; gain = 1027.207
INFO: [Common 17-600] The following parameters have non-default value.
tcl.collectionResultDisplayLimit
Writing placer database...
Writing XDEF routing.
Writing XDEF routing logical nets.
Writing XDEF routing special nets.
Write XDEF Complete: Time (s): cpu = 00:00:00 ; elapsed = 00:00:00.077 . Memory (MB): peak = 1638.594 ; gain = 0.000
INFO: [Common 17-1381] The checkpoint 'C:/Users/Pract/Desktop/ILA/2017.1/FiltroFir/project_2/project_2.runs/impl_1/design_1_wrapper_opt.dcp' has been generated.
Command: report_drc -file design_1_wrapper_drc_opted.rpt
INFO: [DRC 23-27] Running DRC with 2 threads
INFO: [Coretcl 2-168] The results of DRC are in file C:/Users/Pract/Desktop/ILA/2017.1/FiltroFir/project_2/project_2.runs/impl_1/design_1_wrapper_drc_opted.rpt.
report_drc completed successfully
INFO: [Chipscope 16-240] Debug cores have already been implemented
Command: place_design
Attempting to get a license for feature 'Implementation' and/or device 'xc7z020-clg400'
INFO: [Common 17-349] Got license for feature 'Implementation' and/or device 'xc7z020-clg400'
Command: report_drc (run_mandatory_drcs) for: incr_eco_checks
INFO: [DRC 23-27] Running DRC with 2 threads
report_drc (run_mandatory_drcs) completed successfully
INFO: [Vivado_Tcl 4-198] DRC finished with 0 Errors
INFO: [Vivado_Tcl 4-199] Please refer to the DRC report (report_drc) for more information.
Running DRC as a precondition to command place_design
Command: report_drc (run_mandatory_drcs) for: placer_checks
INFO: [DRC 23-27] Running DRC with 2 threads
report_drc (run_mandatory_drcs) completed successfully
INFO: [Vivado_Tcl 4-198] DRC finished with 0 Errors
INFO: [Vivado_Tcl 4-199] Please refer to the DRC report (report_drc) for more information.

Starting Placer Task
INFO: [Place 30-611] Multithreading enabled for place_design using a maximum of 2 CPUs

Phase 1 Placer Initialization

Phase 1.1 Placer Initialization Netlist Sorting
Netlist sorting complete. Time (s): cpu = 00:00:00 ; elapsed = 00:00:00.043 . Memory (MB): peak = 1638.594 ; gain = 0.000
Phase 1.1 Placer Initialization Netlist Sorting | Checksum: 10f1a161e

Time (s): cpu = 00:00:00 ; elapsed = 00:00:00.049 . Memory (MB): peak = 1638.594 ; gain = 0.000
INFO: [Timing 38-35] Done setting XDC timing constraints.
INFO: [Opt 31-138] Pushed 0 inverter(s) to 0 load pin(s).
Netlist sorting complete. Time (s): cpu = 00:00:00 ; elapsed = 00:00:00.019 . Memory (MB): peak = 1638.594 ; gain = 0.000

Phase 1.2 IO Placement/ Clock Placement/ Build Placer Device
INFO: [Timing 38-35] Done setting XDC timing constraints.
Phase 1.2 IO Placement/ Clock Placement/ Build Placer Device | Checksum: cc12f291

Time (s): cpu = 00:00:03 ; elapsed = 00:00:03 . Memory (MB): peak = 1638.594 ; gain = 0.000

Phase 1.3 Build Placer Netlist Model
Phase 1.3 Build Placer Netlist Model | Checksum: b43a5a82

Time (s): cpu = 00:00:05 ; elapsed = 00:00:05 . Memory (MB): peak = 1638.594 ; gain = 0.000

Phase 1.4 Constrain Clocks/Macros
Phase 1.4 Constrain Clocks/Macros | Checksum: b43a5a82

Time (s): cpu = 00:00:05 ; elapsed = 00:00:05 . Memory (MB): peak = 1638.594 ; gain = 0.000
Phase 1 Placer Initialization | Checksum: b43a5a82

Time (s): cpu = 00:00:05 ; elapsed = 00:00:05 . Memory (MB): peak = 1638.594 ; gain = 0.000

Phase 2 Global Placement
Phase 2 Global Placement | Checksum: 12068bede

Time (s): cpu = 00:00:12 ; elapsed = 00:00:09 . Memory (MB): peak = 1638.594 ; gain = 0.000

Phase 3 Detail Placement

Phase 3.1 Commit Multi Column Macros
Phase 3.1 Commit Multi Column Macros | Checksum: 12068bede

Time (s): cpu = 00:00:13 ; elapsed = 00:00:09 . Memory (MB): peak = 1638.594 ; gain = 0.000

Phase 3.2 Commit Most Macros & LUTRAMs
Phase 3.2 Commit Most Macros & LUTRAMs | Checksum: d6ff449d

Time (s): cpu = 00:00:14 ; elapsed = 00:00:10 . Memory (MB): peak = 1638.594 ; gain = 0.000

Phase 3.3 Area Swap Optimization
Phase 3.3 Area Swap Optimization | Checksum: 140ef467f

Time (s): cpu = 00:00:14 ; elapsed = 00:00:10 . Memory (MB): peak = 1638.594 ; gain = 0.000

Phase 3.4 Pipeline Register Optimization
Phase 3.4 Pipeline Register Optimization | Checksum: e66951f5

Time (s): cpu = 00:00:14 ; elapsed = 00:00:10 . Memory (MB): peak = 1638.594 ; gain = 0.000

Phase 3.5 Timing Path Optimizer
Phase 3.5 Timing Path Optimizer | Checksum: d25990f4

Time (s): cpu = 00:00:15 ; elapsed = 00:00:11 . Memory (MB): peak = 1638.594 ; gain = 0.000

Phase 3.6 Small Shape Detail Placement
Phase 3.6 Small Shape Detail Placement | Checksum: 15d80d1cd

Time (s): cpu = 00:00:17 ; elapsed = 00:00:12 . Memory (MB): peak = 1638.594 ; gain = 0.000

Phase 3.7 Re-assign LUT pins
Phase 3.7 Re-assign LUT pins | Checksum: 108ef8665

Time (s): cpu = 00:00:17 ; elapsed = 00:00:12 . Memory (MB): peak = 1638.594 ; gain = 0.000

Phase 3.8 Pipeline Register Optimization
Phase 3.8 Pipeline Register Optimization | Checksum: 108ef8665

Time (s): cpu = 00:00:17 ; elapsed = 00:00:12 . Memory (MB): peak = 1638.594 ; gain = 0.000
Phase 3 Detail Placement | Checksum: 108ef8665

Time (s): cpu = 00:00:17 ; elapsed = 00:00:12 . Memory (MB): peak = 1638.594 ; gain = 0.000

Phase 4 Post Placement Optimization and Clean-Up

Phase 4.1 Post Commit Optimization
INFO: [Timing 38-35] Done setting XDC timing constraints.

Phase 4.1.1 Post Placement Optimization
Post Placement Optimization Initialization | Checksum: 1c65db417

Phase 4.1.1.1 BUFG Insertion
INFO: [Physopt 32-721] Multithreading enabled for phys_opt_design using a maximum of 2 CPUs
INFO: [Place 46-41] BUFG insertion identified 0 candidate nets, 0 success, 0 skipped for placement/routing, 0 skipped for timing, 0 skipped for netlist change reason.
Phase 4.1.1.1 BUFG Insertion | Checksum: 1c65db417

Time (s): cpu = 00:00:19 ; elapsed = 00:00:14 . Memory (MB): peak = 1638.594 ; gain = 0.000
INFO: [Place 30-746] Post Placement Timing Summary WNS=2.264. For the most accurate timing information please run report_timing.
Phase 4.1.1 Post Placement Optimization | Checksum: 1cb940462

Time (s): cpu = 00:00:19 ; elapsed = 00:00:14 . Memory (MB): peak = 1638.594 ; gain = 0.000
Phase 4.1 Post Commit Optimization | Checksum: 1cb940462

Time (s): cpu = 00:00:19 ; elapsed = 00:00:14 . Memory (MB): peak = 1638.594 ; gain = 0.000

Phase 4.2 Post Placement Cleanup
Phase 4.2 Post Placement Cleanup | Checksum: 1cb940462

Time (s): cpu = 00:00:19 ; elapsed = 00:00:14 . Memory (MB): peak = 1638.594 ; gain = 0.000

Phase 4.3 Placer Reporting
Phase 4.3 Placer Reporting | Checksum: 1cb940462

Time (s): cpu = 00:00:20 ; elapsed = 00:00:14 . Memory (MB): peak = 1638.594 ; gain = 0.000

Phase 4.4 Final Placement Cleanup
Phase 4.4 Final Placement Cleanup | Checksum: 1b2a46a45

Time (s): cpu = 00:00:20 ; elapsed = 00:00:14 . Memory (MB): peak = 1638.594 ; gain = 0.000
Phase 4 Post Placement Optimization and Clean-Up | Checksum: 1b2a46a45

Time (s): cpu = 00:00:20 ; elapsed = 00:00:14 . Memory (MB): peak = 1638.594 ; gain = 0.000
Ending Placer Task | Checksum: 13b2631dc

Time (s): cpu = 00:00:20 ; elapsed = 00:00:14 . Memory (MB): peak = 1638.594 ; gain = 0.000
60 Infos, 0 Warnings, 1 Critical Warnings and 0 Errors encountered.
place_design completed successfully
place_design: Time (s): cpu = 00:00:22 ; elapsed = 00:00:16 . Memory (MB): peak = 1638.594 ; gain = 0.000
Writing placer database...
Writing XDEF routing.
Writing XDEF routing logical nets.
Writing XDEF routing special nets.
Write XDEF Complete: Time (s): cpu = 00:00:02 ; elapsed = 00:00:00.622 . Memory (MB): peak = 1638.594 ; gain = 0.000
INFO: [Common 17-1381] The checkpoint 'C:/Users/Pract/Desktop/ILA/2017.1/FiltroFir/project_2/project_2.runs/impl_1/design_1_wrapper_placed.dcp' has been generated.
report_io: Time (s): cpu = 00:00:00 ; elapsed = 00:00:00.042 . Memory (MB): peak = 1638.594 ; gain = 0.000
report_utilization: Time (s): cpu = 00:00:00 ; elapsed = 00:00:00.062 . Memory (MB): peak = 1638.594 ; gain = 0.000
report_control_sets: Time (s): cpu = 00:00:00 ; elapsed = 00:00:00.020 . Memory (MB): peak = 1638.594 ; gain = 0.000
Command: route_design
Attempting to get a license for feature 'Implementation' and/or device 'xc7z020-clg400'
INFO: [Common 17-349] Got license for feature 'Implementation' and/or device 'xc7z020-clg400'
Running DRC as a precondition to command route_design
Command: report_drc (run_mandatory_drcs) for: router_checks
INFO: [DRC 23-27] Running DRC with 2 threads
report_drc (run_mandatory_drcs) completed successfully
INFO: [Vivado_Tcl 4-198] DRC finished with 0 Errors
INFO: [Vivado_Tcl 4-199] Please refer to the DRC report (report_drc) for more information.


Starting Routing Task
INFO: [Route 35-254] Multithreading enabled for route_design using a maximum of 2 CPUs
Checksum: PlaceDB: 9434fbe7 ConstDB: 0 ShapeSum: a6f135f5 RouteDB: 0

Phase 1 Build RT Design
Phase 1 Build RT Design | Checksum: 3bf2ab43

Time (s): cpu = 00:00:22 ; elapsed = 00:00:19 . Memory (MB): peak = 1638.594 ; gain = 0.000

Phase 2 Router Initialization

Phase 2.1 Create Timer
Phase 2.1 Create Timer | Checksum: 3bf2ab43

Time (s): cpu = 00:00:22 ; elapsed = 00:00:19 . Memory (MB): peak = 1638.594 ; gain = 0.000

Phase 2.2 Fix Topology Constraints
Phase 2.2 Fix Topology Constraints | Checksum: 3bf2ab43

Time (s): cpu = 00:00:22 ; elapsed = 00:00:19 . Memory (MB): peak = 1638.594 ; gain = 0.000

Phase 2.3 Pre Route Cleanup
Phase 2.3 Pre Route Cleanup | Checksum: 3bf2ab43

Time (s): cpu = 00:00:22 ; elapsed = 00:00:19 . Memory (MB): peak = 1638.594 ; gain = 0.000
 Number of Nodes with overlaps = 0

Phase 2.4 Update Timing
Phase 2.4 Update Timing | Checksum: 215a13b4e

Time (s): cpu = 00:00:25 ; elapsed = 00:00:21 . Memory (MB): peak = 1638.594 ; gain = 0.000
INFO: [Route 35-416] Intermediate Timing Summary | WNS=2.439  | TNS=0.000  | WHS=-0.206 | THS=-96.524|

Phase 2 Router Initialization | Checksum: 1a5795d01

Time (s): cpu = 00:00:26 ; elapsed = 00:00:22 . Memory (MB): peak = 1638.594 ; gain = 0.000

Phase 3 Initial Routing
Phase 3 Initial Routing | Checksum: 14f60d713

Time (s): cpu = 00:00:30 ; elapsed = 00:00:24 . Memory (MB): peak = 1638.594 ; gain = 0.000

Phase 4 Rip-up And Reroute

Phase 4.1 Global Iteration 0
 Number of Nodes with overlaps = 482
 Number of Nodes with overlaps = 32
 Number of Nodes with overlaps = 0
INFO: [Route 35-416] Intermediate Timing Summary | WNS=1.298  | TNS=0.000  | WHS=N/A    | THS=N/A    |

Phase 4.1 Global Iteration 0 | Checksum: 10c5fb3dd

Time (s): cpu = 00:00:34 ; elapsed = 00:00:26 . Memory (MB): peak = 1638.594 ; gain = 0.000

Phase 4.2 Global Iteration 1
 Number of Nodes with overlaps = 1
 Number of Nodes with overlaps = 0
INFO: [Route 35-416] Intermediate Timing Summary | WNS=1.298  | TNS=0.000  | WHS=N/A    | THS=N/A    |

Phase 4.2 Global Iteration 1 | Checksum: 1445f9f96

Time (s): cpu = 00:00:34 ; elapsed = 00:00:26 . Memory (MB): peak = 1638.594 ; gain = 0.000
Phase 4 Rip-up And Reroute | Checksum: 1445f9f96

Time (s): cpu = 00:00:34 ; elapsed = 00:00:26 . Memory (MB): peak = 1638.594 ; gain = 0.000

Phase 5 Delay and Skew Optimization

Phase 5.1 Delay CleanUp

Phase 5.1.1 Update Timing
Phase 5.1.1 Update Timing | Checksum: 102ee4b57

Time (s): cpu = 00:00:35 ; elapsed = 00:00:26 . Memory (MB): peak = 1638.594 ; gain = 0.000
INFO: [Route 35-416] Intermediate Timing Summary | WNS=1.298  | TNS=0.000  | WHS=N/A    | THS=N/A    |

Phase 5.1 Delay CleanUp | Checksum: 102ee4b57

Time (s): cpu = 00:00:35 ; elapsed = 00:00:26 . Memory (MB): peak = 1638.594 ; gain = 0.000

Phase 5.2 Clock Skew Optimization
Phase 5.2 Clock Skew Optimization | Checksum: 102ee4b57

Time (s): cpu = 00:00:35 ; elapsed = 00:00:26 . Memory (MB): peak = 1638.594 ; gain = 0.000
Phase 5 Delay and Skew Optimization | Checksum: 102ee4b57

Time (s): cpu = 00:00:35 ; elapsed = 00:00:26 . Memory (MB): peak = 1638.594 ; gain = 0.000

Phase 6 Post Hold Fix

Phase 6.1 Hold Fix Iter

Phase 6.1.1 Update Timing
Phase 6.1.1 Update Timing | Checksum: 1576d3b74

Time (s): cpu = 00:00:35 ; elapsed = 00:00:27 . Memory (MB): peak = 1638.594 ; gain = 0.000
INFO: [Route 35-416] Intermediate Timing Summary | WNS=1.298  | TNS=0.000  | WHS=0.019  | THS=0.000  |

Phase 6.1 Hold Fix Iter | Checksum: 10f516831

Time (s): cpu = 00:00:35 ; elapsed = 00:00:27 . Memory (MB): peak = 1638.594 ; gain = 0.000
Phase 6 Post Hold Fix | Checksum: 10f516831

Time (s): cpu = 00:00:35 ; elapsed = 00:00:27 . Memory (MB): peak = 1638.594 ; gain = 0.000

Phase 7 Route finalize

Router Utilization Summary
  Global Vertical Routing Utilization    = 2.17381 %
  Global Horizontal Routing Utilization  = 2.30739 %
  Routable Net Status*
  *Does not include unroutable nets such as driverless and loadless.
  Run report_route_status for detailed report.
  Number of Failed Nets               = 0
  Number of Unrouted Nets             = 0
  Number of Partially Routed Nets     = 0
  Number of Node Overlaps             = 0

Phase 7 Route finalize | Checksum: 19adeaa4e

Time (s): cpu = 00:00:35 ; elapsed = 00:00:27 . Memory (MB): peak = 1638.594 ; gain = 0.000

Phase 8 Verifying routed nets

 Verification completed successfully
Phase 8 Verifying routed nets | Checksum: 19adeaa4e

Time (s): cpu = 00:00:35 ; elapsed = 00:00:27 . Memory (MB): peak = 1638.594 ; gain = 0.000

Phase 9 Depositing Routes
Phase 9 Depositing Routes | Checksum: 1435511b1

Time (s): cpu = 00:00:36 ; elapsed = 00:00:27 . Memory (MB): peak = 1638.594 ; gain = 0.000

Phase 10 Post Router Timing
INFO: [Route 35-57] Estimated Timing Summary | WNS=1.298  | TNS=0.000  | WHS=0.019  | THS=0.000  |

INFO: [Route 35-327] The final timing numbers are based on the router estimated timing analysis. For a complete and accurate timing signoff, please run report_timing_summary.
Phase 10 Post Router Timing | Checksum: 1435511b1

Time (s): cpu = 00:00:36 ; elapsed = 00:00:27 . Memory (MB): peak = 1638.594 ; gain = 0.000
INFO: [Route 35-16] Router Completed Successfully

Time (s): cpu = 00:00:36 ; elapsed = 00:00:27 . Memory (MB): peak = 1638.594 ; gain = 0.000

Routing Is Done.
74 Infos, 0 Warnings, 1 Critical Warnings and 0 Errors encountered.
route_design completed successfully
route_design: Time (s): cpu = 00:00:39 ; elapsed = 00:00:29 . Memory (MB): peak = 1638.594 ; gain = 0.000
Writing placer database...
Writing XDEF routing.
Writing XDEF routing logical nets.
Writing XDEF routing special nets.
Write XDEF Complete: Time (s): cpu = 00:00:02 ; elapsed = 00:00:00.779 . Memory (MB): peak = 1638.594 ; gain = 0.000
INFO: [Common 17-1381] The checkpoint 'C:/Users/Pract/Desktop/ILA/2017.1/FiltroFir/project_2/project_2.runs/impl_1/design_1_wrapper_routed.dcp' has been generated.
Command: report_drc -file design_1_wrapper_drc_routed.rpt -pb design_1_wrapper_drc_routed.pb -rpx design_1_wrapper_drc_routed.rpx
INFO: [DRC 23-27] Running DRC with 2 threads
INFO: [Coretcl 2-168] The results of DRC are in file C:/Users/Pract/Desktop/ILA/2017.1/FiltroFir/project_2/project_2.runs/impl_1/design_1_wrapper_drc_routed.rpt.
report_drc completed successfully
Command: report_methodology -file design_1_wrapper_methodology_drc_routed.rpt -rpx design_1_wrapper_methodology_drc_routed.rpx
INFO: [Timing 38-35] Done setting XDC timing constraints.
INFO: [DRC 23-133] Running Methodology with 2 threads
INFO: [Coretcl 2-1520] The results of Report Methodology are in file C:/Users/Pract/Desktop/ILA/2017.1/FiltroFir/project_2/project_2.runs/impl_1/design_1_wrapper_methodology_drc_routed.rpt.
report_methodology completed successfully
Command: report_power -file design_1_wrapper_power_routed.rpt -pb design_1_wrapper_power_summary_routed.pb -rpx design_1_wrapper_power_routed.rpx
INFO: [Timing 38-35] Done setting XDC timing constraints.
Running Vector-less Activity Propagation...

Finished Running Vector-less Activity Propagation
81 Infos, 0 Warnings, 1 Critical Warnings and 0 Errors encountered.
report_power completed successfully
INFO: [Timing 38-91] UpdateTimingParams: Speed grade: -1, Delay Type: min_max.
INFO: [Timing 38-191] Multithreading enabled for timing update using a maximum of 2 CPUs
Command: write_bitstream -force design_1_wrapper.bit
Attempting to get a license for feature 'Implementation' and/or device 'xc7z020-clg400'
INFO: [Common 17-349] Got license for feature 'Implementation' and/or device 'xc7z020-clg400'
Running DRC as a precondition to command write_bitstream
Command: report_drc (run_mandatory_drcs) for: bitstream_checks
INFO: [DRC 23-27] Running DRC with 2 threads
WARNING: [DRC RTSTAT-10] No routable loads: 27 net(s) have no routable loads. The problem bus(es) and/or net(s) are dbg_hub/inst/BSCANID.u_xsdbm_id/CORE_XSDB.UUT_MASTER/U_ICON_INTERFACE/U_CMD6_RD/U_RD_FIFO/SUBCORE_FIFO.xsdbm_v3_0_0_rdfifo_inst/inst_fifo_gen/gconvfifo.rf/grf.rf/gntv_or_sync_fifo.gl0.rd/gr1.gr1_int.rfwft/aempty_fwft_i, dbg_hub/inst/BSCANID.u_xsdbm_id/CORE_XSDB.UUT_MASTER/U_ICON_INTERFACE/U_CMD7_CTL/ctl_reg[2:0], dbg_hub/inst/BSCANID.u_xsdbm_id/CORE_XSDB.UUT_MASTER/U_ICON_INTERFACE/U_CMD1/ctl_reg_en_2[1], dbg_hub/inst/BSCANID.u_xsdbm_id/CORE_XSDB.UUT_MASTER/U_ICON_INTERFACE/U_CMD7_CTL/ctl_reg_en_2[1], dbg_hub/inst/BSCANID.u_xsdbm_id/SWITCH_N_EXT_BSCAN.bscan_switch/m_bscan_capture[0], dbg_hub/inst/BSCANID.u_xsdbm_id/SWITCH_N_EXT_BSCAN.bscan_switch/m_bscan_drck[0], dbg_hub/inst/BSCANID.u_xsdbm_id/SWITCH_N_EXT_BSCAN.bscan_switch/m_bscan_flags[7:0], dbg_hub/inst/BSCANID.u_xsdbm_id/SWITCH_N_EXT_BSCAN.bscan_switch/m_bscan_runtest[0], dbg_hub/inst/BSCANID.u_xsdbm_id/CORE_XSDB.UUT_MASTER/U_ICON_INTERFACE/U_CMD6_RD/U_RD_FIFO/SUBCORE_FIFO.xsdbm_v3_0_0_rdfifo_inst/inst_fifo_gen/gconvfifo.rf/grf.rf/gntv_or_sync_fifo.gl0.rd/gras.rsts/ram_empty_i, dbg_hub/inst/BSCANID.u_xsdbm_id/CORE_XSDB.UUT_MASTER/U_ICON_INTERFACE/U_CMD6_WR/U_WR_FIFO/SUBCORE_FIFO.xsdbm_v3_0_0_wrfifo_inst/inst_fifo_gen/gconvfifo.rf/grf.rf/gntv_or_sync_fifo.gl0.wr/gwas.wsts/ram_full_i, dbg_hub/inst/BSCANID.u_xsdbm_id/CORE_XSDB.UUT_MASTER/U_ICON_INTERFACE/U_CMD6_WR/U_WR_FIFO/SUBCORE_FIFO.xsdbm_v3_0_0_wrfifo_inst/inst_fifo_gen/gconvfifo.rf/grf.rf/rstblk/rd_rst_reg[0], dbg_hub/inst/BSCANID.u_xsdbm_id/SWITCH_N_EXT_BSCAN.bscan_inst/s_bscan_tms, u_ila_0/inst/ila_core_inst/u_ila_regs/U_XSDB_SLAVE/s_daddr_o[13], u_ila_0/inst/ila_core_inst/u_ila_regs/U_XSDB_SLAVE/s_daddr_o[14], u_ila_0/inst/ila_core_inst/u_ila_regs/U_XSDB_SLAVE/s_daddr_o[15]... and (the first 15 of 18 listed).
report_drc (run_mandatory_drcs) completed successfully
INFO: [Vivado 12-3199] DRC finished with 0 Errors, 1 Warnings
INFO: [Vivado 12-3200] Please refer to the DRC report (report_drc) for more information.
INFO: [Project 1-821] Please set project.enableDesignId to be 'true'.
INFO: [Designutils 20-2272] Running write_bitstream with 2 threads.
Loading data files...
Loading site data...
Loading route data...
Processing options...
Creating bitmap...
Creating bitstream...
Writing bitstream ./design_1_wrapper.bit...
INFO: [Vivado 12-1842] Bitgen Completed Successfully.
INFO: [Project 1-118] WebTalk data collection is enabled (User setting is ON. Install Setting is ON.).
91 Infos, 1 Warnings, 1 Critical Warnings and 0 Errors encountered.
write_bitstream completed successfully
write_bitstream: Time (s): cpu = 00:00:29 ; elapsed = 00:00:26 . Memory (MB): peak = 2014.914 ; gain = 376.320
INFO: [Common 17-206] Exiting Vivado at Thu Jul 18 13:31:15 2019...
