Copyright 1986-2018 Xilinx, Inc. All Rights Reserved.
-----------------------------------------------------------------------------------------------------------------------------------------------------------------------------------------
| Tool Version : Vivado v.2018.3 (win64) Build 2405991 Thu Dec  6 23:38:27 MST 2018
| Date         : Fri Jul  5 10:27:09 2019
| Host         : DESKTOP-3OCE3Q5 running 64-bit major release  (build 9200)
| Command      : report_methodology -file FiltroFirAxi_v3_0_methodology_drc_routed.rpt -pb FiltroFirAxi_v3_0_methodology_drc_routed.pb -rpx FiltroFirAxi_v3_0_methodology_drc_routed.rpx
| Design       : FiltroFirAxi_v3_0
| Device       : xc7z020clg400-1
| Speed File   : -1
| Design State : Fully Routed
-----------------------------------------------------------------------------------------------------------------------------------------------------------------------------------------

Report Methodology

Table of Contents
-----------------
1. REPORT SUMMARY
2. REPORT DETAILS

1. REPORT SUMMARY
-----------------
            Netlist: netlist
          Floorplan: design_1
      Design limits: <entire design considered>
             Max violations: <unlimited>
             Violations found: 6
+-----------+----------+-----------------------------+------------+
| Rule      | Severity | Description                 | Violations |
+-----------+----------+-----------------------------+------------+
| TIMING-17 | Warning  | Non-clocked sequential cell | 6          |
+-----------+----------+-----------------------------+------------+

2. REPORT DETAILS
-----------------
TIMING-17#1 Warning
Non-clocked sequential cell  
The clock pin FiltroFirAxi_v3_0_S00_AXI_inst/aw_en_reg/C is not reached by a timing clock
Related violations: <none>

TIMING-17#2 Warning
Non-clocked sequential cell  
The clock pin FiltroFirAxi_v3_0_S00_AXI_inst/axi_arready_reg/C is not reached by a timing clock
Related violations: <none>

TIMING-17#3 Warning
Non-clocked sequential cell  
The clock pin FiltroFirAxi_v3_0_S00_AXI_inst/axi_awready_reg/C is not reached by a timing clock
Related violations: <none>

TIMING-17#4 Warning
Non-clocked sequential cell  
The clock pin FiltroFirAxi_v3_0_S00_AXI_inst/axi_bvalid_reg/C is not reached by a timing clock
Related violations: <none>

TIMING-17#5 Warning
Non-clocked sequential cell  
The clock pin FiltroFirAxi_v3_0_S00_AXI_inst/axi_rvalid_reg/C is not reached by a timing clock
Related violations: <none>

TIMING-17#6 Warning
Non-clocked sequential cell  
The clock pin FiltroFirAxi_v3_0_S00_AXI_inst/axi_wready_reg/C is not reached by a timing clock
Related violations: <none>


