
*** Running vivado
    with args -log FirAxi_v8_0.vds -m64 -product Vivado -mode batch -messageDb vivado.pb -notrace -source FirAxi_v8_0.tcl


****** Vivado v2017.1 (64-bit)
  **** SW Build 1846317 on Fri Apr 14 18:55:03 MDT 2017
  **** IP Build 1846188 on Fri Apr 14 20:52:08 MDT 2017
    ** Copyright 1986-2017 Xilinx, Inc. All Rights Reserved.

source FirAxi_v8_0.tcl -notrace
Command: synth_design -top FirAxi_v8_0 -part xc7z020clg400-1
Starting synth_design
Attempting to get a license for feature 'Synthesis' and/or device 'xc7z020-clg400'
INFO: [Common 17-349] Got license for feature 'Synthesis' and/or device 'xc7z020-clg400'
INFO: Launching helper process for spawning children vivado processes
INFO: Helper process launched with PID 5200 
---------------------------------------------------------------------------------
Starting Synthesize : Time (s): cpu = 00:00:03 ; elapsed = 00:00:03 . Memory (MB): peak = 353.133 ; gain = 87.277
---------------------------------------------------------------------------------
INFO: [Synth 8-638] synthesizing module 'FirAxi_v8_0' [c:/Users/Pract/Desktop/FiltroFir/ip_repo/FirAxi_8.0/hdl/FirAxi_v8_0.vhd:49]
	Parameter C_S00_AXI_DATA_WIDTH bound to: 32 - type: integer 
	Parameter C_S00_AXI_ADDR_WIDTH bound to: 5 - type: integer 
	Parameter C_S_AXI_DATA_WIDTH bound to: 32 - type: integer 
	Parameter C_S_AXI_ADDR_WIDTH bound to: 5 - type: integer 
INFO: [Synth 8-3491] module 'FirAxi_v8_0_S00_AXI' declared at 'c:/Users/Pract/Desktop/FiltroFir/ip_repo/FirAxi_8.0/hdl/FirAxi_v8_0_S00_AXI.vhd:5' bound to instance 'FirAxi_v8_0_S00_AXI_inst' of component 'FirAxi_v8_0_S00_AXI' [c:/Users/Pract/Desktop/FiltroFir/ip_repo/FirAxi_8.0/hdl/FirAxi_v8_0.vhd:85]
INFO: [Synth 8-638] synthesizing module 'FirAxi_v8_0_S00_AXI' [c:/Users/Pract/Desktop/FiltroFir/ip_repo/FirAxi_8.0/hdl/FirAxi_v8_0_S00_AXI.vhd:87]
	Parameter C_S_AXI_DATA_WIDTH bound to: 32 - type: integer 
	Parameter C_S_AXI_ADDR_WIDTH bound to: 5 - type: integer 
INFO: [Synth 8-637] synthesizing blackbox instance 'FiltroFirAxi' of component 'Filtro_FIR_4in' [c:/Users/Pract/Desktop/FiltroFir/ip_repo/FirAxi_8.0/hdl/FirAxi_v8_0_S00_AXI.vhd:435]
WARNING: [Synth 8-6014] Unused sequential element loc_addr_reg was removed.  [c:/Users/Pract/Desktop/FiltroFir/ip_repo/FirAxi_8.0/hdl/FirAxi_v8_0_S00_AXI.vhd:246]
WARNING: [Synth 8-6014] Unused sequential element loc_addr_reg was removed.  [c:/Users/Pract/Desktop/FiltroFir/ip_repo/FirAxi_8.0/hdl/FirAxi_v8_0_S00_AXI.vhd:396]
INFO: [Synth 8-256] done synthesizing module 'FirAxi_v8_0_S00_AXI' (1#1) [c:/Users/Pract/Desktop/FiltroFir/ip_repo/FirAxi_8.0/hdl/FirAxi_v8_0_S00_AXI.vhd:87]
INFO: [Synth 8-256] done synthesizing module 'FirAxi_v8_0' (2#1) [c:/Users/Pract/Desktop/FiltroFir/ip_repo/FirAxi_8.0/hdl/FirAxi_v8_0.vhd:49]
WARNING: [Synth 8-3331] design FirAxi_v8_0_S00_AXI has unconnected port S_AXI_AWPROT[2]
WARNING: [Synth 8-3331] design FirAxi_v8_0_S00_AXI has unconnected port S_AXI_AWPROT[1]
WARNING: [Synth 8-3331] design FirAxi_v8_0_S00_AXI has unconnected port S_AXI_AWPROT[0]
WARNING: [Synth 8-3331] design FirAxi_v8_0_S00_AXI has unconnected port S_AXI_ARPROT[2]
WARNING: [Synth 8-3331] design FirAxi_v8_0_S00_AXI has unconnected port S_AXI_ARPROT[1]
WARNING: [Synth 8-3331] design FirAxi_v8_0_S00_AXI has unconnected port S_AXI_ARPROT[0]
---------------------------------------------------------------------------------
Finished Synthesize : Time (s): cpu = 00:00:03 ; elapsed = 00:00:04 . Memory (MB): peak = 402.480 ; gain = 136.625
---------------------------------------------------------------------------------
---------------------------------------------------------------------------------
Finished Constraint Validation : Time (s): cpu = 00:00:03 ; elapsed = 00:00:04 . Memory (MB): peak = 402.480 ; gain = 136.625
---------------------------------------------------------------------------------
---------------------------------------------------------------------------------
Start Loading Part and Timing Information
---------------------------------------------------------------------------------
Loading part: xc7z020clg400-1
---------------------------------------------------------------------------------
Finished Loading Part and Timing Information : Time (s): cpu = 00:00:03 ; elapsed = 00:00:04 . Memory (MB): peak = 402.480 ; gain = 136.625
---------------------------------------------------------------------------------
INFO: [Device 21-403] Loading part xc7z020clg400-1
---------------------------------------------------------------------------------
Finished RTL Optimization Phase 2 : Time (s): cpu = 00:00:04 ; elapsed = 00:00:04 . Memory (MB): peak = 402.480 ; gain = 136.625
---------------------------------------------------------------------------------

Report RTL Partitions: 
+-+--------------+------------+----------+
| |RTL Partition |Replication |Instances |
+-+--------------+------------+----------+
+-+--------------+------------+----------+
No constraint files found.
---------------------------------------------------------------------------------
Start RTL Component Statistics 
---------------------------------------------------------------------------------
Detailed RTL Component Info : 
+---Registers : 
	               32 Bit    Registers := 7     
	                5 Bit    Registers := 2     
	                2 Bit    Registers := 2     
	                1 Bit    Registers := 6     
+---Muxes : 
	   2 Input     32 Bit        Muxes := 7     
	   7 Input     32 Bit        Muxes := 7     
	   2 Input      8 Bit        Muxes := 3     
	   2 Input      1 Bit        Muxes := 5     
---------------------------------------------------------------------------------
Finished RTL Component Statistics 
---------------------------------------------------------------------------------
---------------------------------------------------------------------------------
Start RTL Hierarchical Component Statistics 
---------------------------------------------------------------------------------
Hierarchical RTL Component report 
Module FirAxi_v8_0_S00_AXI 
Detailed RTL Component Info : 
+---Registers : 
	               32 Bit    Registers := 7     
	                5 Bit    Registers := 2     
	                2 Bit    Registers := 2     
	                1 Bit    Registers := 6     
+---Muxes : 
	   2 Input     32 Bit        Muxes := 7     
	   7 Input     32 Bit        Muxes := 7     
	   2 Input      8 Bit        Muxes := 3     
	   2 Input      1 Bit        Muxes := 5     
---------------------------------------------------------------------------------
Finished RTL Hierarchical Component Statistics
---------------------------------------------------------------------------------
---------------------------------------------------------------------------------
Start Part Resource Summary
---------------------------------------------------------------------------------
Part Resources:
DSPs: 220 (col length:60)
BRAMs: 280 (col length: RAMB18 60 RAMB36 30)
---------------------------------------------------------------------------------
Finished Part Resource Summary
---------------------------------------------------------------------------------
No constraint files found.
---------------------------------------------------------------------------------
Start Cross Boundary and Area Optimization
---------------------------------------------------------------------------------
WARNING: [Synth 8-3331] design FirAxi_v8_0 has unconnected port s00_axi_awprot[2]
WARNING: [Synth 8-3331] design FirAxi_v8_0 has unconnected port s00_axi_awprot[1]
WARNING: [Synth 8-3331] design FirAxi_v8_0 has unconnected port s00_axi_awprot[0]
WARNING: [Synth 8-3331] design FirAxi_v8_0 has unconnected port s00_axi_arprot[2]
WARNING: [Synth 8-3331] design FirAxi_v8_0 has unconnected port s00_axi_arprot[1]
WARNING: [Synth 8-3331] design FirAxi_v8_0 has unconnected port s00_axi_arprot[0]
INFO: [Synth 8-3886] merging instance 'FirAxi_v8_0_S00_AXI_inst/axi_rresp_reg[0]' (FDRE) to 'FirAxi_v8_0_S00_AXI_inst/axi_rresp_reg[1]'
INFO: [Synth 8-3333] propagating constant 0 across sequential element (\FirAxi_v8_0_S00_AXI_inst/axi_rresp_reg[1] )
INFO: [Synth 8-3886] merging instance 'FirAxi_v8_0_S00_AXI_inst/axi_bresp_reg[0]' (FDRE) to 'FirAxi_v8_0_S00_AXI_inst/axi_bresp_reg[1]'
INFO: [Synth 8-3333] propagating constant 0 across sequential element (\FirAxi_v8_0_S00_AXI_inst/axi_bresp_reg[1] )
WARNING: [Synth 8-3332] Sequential element (FirAxi_v8_0_S00_AXI_inst/axi_bresp_reg[1]) is unused and will be removed from module FirAxi_v8_0.
WARNING: [Synth 8-3332] Sequential element (FirAxi_v8_0_S00_AXI_inst/axi_awaddr_reg[1]) is unused and will be removed from module FirAxi_v8_0.
WARNING: [Synth 8-3332] Sequential element (FirAxi_v8_0_S00_AXI_inst/axi_awaddr_reg[0]) is unused and will be removed from module FirAxi_v8_0.
WARNING: [Synth 8-3332] Sequential element (FirAxi_v8_0_S00_AXI_inst/slv_reg5_reg[9]) is unused and will be removed from module FirAxi_v8_0.
WARNING: [Synth 8-3332] Sequential element (FirAxi_v8_0_S00_AXI_inst/slv_reg5_reg[8]) is unused and will be removed from module FirAxi_v8_0.
WARNING: [Synth 8-3332] Sequential element (FirAxi_v8_0_S00_AXI_inst/slv_reg5_reg[7]) is unused and will be removed from module FirAxi_v8_0.
WARNING: [Synth 8-3332] Sequential element (FirAxi_v8_0_S00_AXI_inst/slv_reg5_reg[6]) is unused and will be removed from module FirAxi_v8_0.
WARNING: [Synth 8-3332] Sequential element (FirAxi_v8_0_S00_AXI_inst/slv_reg5_reg[5]) is unused and will be removed from module FirAxi_v8_0.
WARNING: [Synth 8-3332] Sequential element (FirAxi_v8_0_S00_AXI_inst/slv_reg5_reg[4]) is unused and will be removed from module FirAxi_v8_0.
WARNING: [Synth 8-3332] Sequential element (FirAxi_v8_0_S00_AXI_inst/slv_reg5_reg[3]) is unused and will be removed from module FirAxi_v8_0.
WARNING: [Synth 8-3332] Sequential element (FirAxi_v8_0_S00_AXI_inst/slv_reg5_reg[2]) is unused and will be removed from module FirAxi_v8_0.
WARNING: [Synth 8-3332] Sequential element (FirAxi_v8_0_S00_AXI_inst/slv_reg5_reg[1]) is unused and will be removed from module FirAxi_v8_0.
WARNING: [Synth 8-3332] Sequential element (FirAxi_v8_0_S00_AXI_inst/slv_reg5_reg[0]) is unused and will be removed from module FirAxi_v8_0.
WARNING: [Synth 8-3332] Sequential element (FirAxi_v8_0_S00_AXI_inst/axi_araddr_reg[1]) is unused and will be removed from module FirAxi_v8_0.
WARNING: [Synth 8-3332] Sequential element (FirAxi_v8_0_S00_AXI_inst/axi_araddr_reg[0]) is unused and will be removed from module FirAxi_v8_0.
WARNING: [Synth 8-3332] Sequential element (FirAxi_v8_0_S00_AXI_inst/axi_rresp_reg[1]) is unused and will be removed from module FirAxi_v8_0.
---------------------------------------------------------------------------------
Finished Cross Boundary and Area Optimization : Time (s): cpu = 00:00:07 ; elapsed = 00:00:08 . Memory (MB): peak = 561.758 ; gain = 295.902
---------------------------------------------------------------------------------

Report RTL Partitions: 
+-+--------------+------------+----------+
| |RTL Partition |Replication |Instances |
+-+--------------+------------+----------+
+-+--------------+------------+----------+
No constraint files found.
---------------------------------------------------------------------------------
Start Timing Optimization
---------------------------------------------------------------------------------
---------------------------------------------------------------------------------
Finished Timing Optimization : Time (s): cpu = 00:00:07 ; elapsed = 00:00:08 . Memory (MB): peak = 561.758 ; gain = 295.902
---------------------------------------------------------------------------------

Report RTL Partitions: 
+-+--------------+------------+----------+
| |RTL Partition |Replication |Instances |
+-+--------------+------------+----------+
+-+--------------+------------+----------+
---------------------------------------------------------------------------------
Start Technology Mapping
---------------------------------------------------------------------------------
---------------------------------------------------------------------------------
Finished Technology Mapping : Time (s): cpu = 00:00:07 ; elapsed = 00:00:08 . Memory (MB): peak = 563.387 ; gain = 297.531
---------------------------------------------------------------------------------

Report RTL Partitions: 
+-+--------------+------------+----------+
| |RTL Partition |Replication |Instances |
+-+--------------+------------+----------+
+-+--------------+------------+----------+
---------------------------------------------------------------------------------
Start IO Insertion
---------------------------------------------------------------------------------
---------------------------------------------------------------------------------
Start Flattening Before IO Insertion
---------------------------------------------------------------------------------
---------------------------------------------------------------------------------
Finished Flattening Before IO Insertion
---------------------------------------------------------------------------------
---------------------------------------------------------------------------------
Start Final Netlist Cleanup
---------------------------------------------------------------------------------
---------------------------------------------------------------------------------
Finished Final Netlist Cleanup
---------------------------------------------------------------------------------
---------------------------------------------------------------------------------
Finished IO Insertion : Time (s): cpu = 00:00:08 ; elapsed = 00:00:08 . Memory (MB): peak = 563.387 ; gain = 297.531
---------------------------------------------------------------------------------

Report Check Netlist: 
+------+------------------+-------+---------+-------+------------------+
|      |Item              |Errors |Warnings |Status |Description       |
+------+------------------+-------+---------+-------+------------------+
|1     |multi_driven_nets |      0|        0|Passed |Multi driven nets |
+------+------------------+-------+---------+-------+------------------+
---------------------------------------------------------------------------------
Start Renaming Generated Instances
---------------------------------------------------------------------------------
---------------------------------------------------------------------------------
Finished Renaming Generated Instances : Time (s): cpu = 00:00:08 ; elapsed = 00:00:08 . Memory (MB): peak = 563.387 ; gain = 297.531
---------------------------------------------------------------------------------

Report RTL Partitions: 
+-+--------------+------------+----------+
| |RTL Partition |Replication |Instances |
+-+--------------+------------+----------+
+-+--------------+------------+----------+
---------------------------------------------------------------------------------
Start Rebuilding User Hierarchy
---------------------------------------------------------------------------------
---------------------------------------------------------------------------------
Finished Rebuilding User Hierarchy : Time (s): cpu = 00:00:08 ; elapsed = 00:00:08 . Memory (MB): peak = 563.387 ; gain = 297.531
---------------------------------------------------------------------------------
---------------------------------------------------------------------------------
Start Renaming Generated Ports
---------------------------------------------------------------------------------
---------------------------------------------------------------------------------
Finished Renaming Generated Ports : Time (s): cpu = 00:00:08 ; elapsed = 00:00:08 . Memory (MB): peak = 563.387 ; gain = 297.531
---------------------------------------------------------------------------------
---------------------------------------------------------------------------------
Start Handling Custom Attributes
---------------------------------------------------------------------------------
---------------------------------------------------------------------------------
Finished Handling Custom Attributes : Time (s): cpu = 00:00:08 ; elapsed = 00:00:08 . Memory (MB): peak = 563.387 ; gain = 297.531
---------------------------------------------------------------------------------
---------------------------------------------------------------------------------
Start Renaming Generated Nets
---------------------------------------------------------------------------------
---------------------------------------------------------------------------------
Finished Renaming Generated Nets : Time (s): cpu = 00:00:08 ; elapsed = 00:00:08 . Memory (MB): peak = 563.387 ; gain = 297.531
---------------------------------------------------------------------------------
---------------------------------------------------------------------------------
Start Writing Synthesis Report
---------------------------------------------------------------------------------

Report BlackBoxes: 
+------+---------------+----------+
|      |BlackBox name  |Instances |
+------+---------------+----------+
|1     |Filtro_FIR_4in |         1|
+------+---------------+----------+

Report Cell Usage: 
+------+--------------------+------+
|      |Cell                |Count |
+------+--------------------+------+
|1     |Filtro_FIR_4in_bbox |     1|
|2     |BUFG                |     1|
|3     |LUT1                |     1|
|4     |LUT2                |     1|
|5     |LUT3                |     1|
|6     |LUT4                |     4|
|7     |LUT5                |    23|
|8     |LUT6                |    66|
|9     |FDRE                |   222|
|10    |FDSE                |     4|
|11    |IBUF                |    49|
|12    |OBUF                |    41|
+------+--------------------+------+

Report Instance Areas: 
+------+---------------------------+--------------------+------+
|      |Instance                   |Module              |Cells |
+------+---------------------------+--------------------+------+
|1     |top                        |                    |   424|
|2     |  FirAxi_v8_0_S00_AXI_inst |FirAxi_v8_0_S00_AXI |   333|
+------+---------------------------+--------------------+------+
---------------------------------------------------------------------------------
Finished Writing Synthesis Report : Time (s): cpu = 00:00:08 ; elapsed = 00:00:08 . Memory (MB): peak = 563.387 ; gain = 297.531
---------------------------------------------------------------------------------
Synthesis finished with 0 errors, 0 critical warnings and 30 warnings.
Synthesis Optimization Runtime : Time (s): cpu = 00:00:08 ; elapsed = 00:00:08 . Memory (MB): peak = 563.387 ; gain = 297.531
Synthesis Optimization Complete : Time (s): cpu = 00:00:08 ; elapsed = 00:00:08 . Memory (MB): peak = 563.387 ; gain = 297.531
INFO: [Project 1-571] Translating synthesized netlist
INFO: [Netlist 29-17] Analyzing 49 Unisim elements for replacement
INFO: [Netlist 29-28] Unisim Transformation completed in 0 CPU seconds
INFO: [Project 1-570] Preparing netlist for logic optimization
INFO: [Opt 31-138] Pushed 0 inverter(s) to 0 load pin(s).
INFO: [Project 1-111] Unisim Transformation Summary:
No Unisim elements were transformed.

18 Infos, 30 Warnings, 0 Critical Warnings and 0 Errors encountered.
synth_design completed successfully
synth_design: Time (s): cpu = 00:00:12 ; elapsed = 00:00:15 . Memory (MB): peak = 665.969 ; gain = 403.367
INFO: [Common 17-1381] The checkpoint 'c:/Users/Pract/Desktop/FiltroFir/project_2/project_2.tmp/firaxi_v8_0_project/FirAxi_v8_0_project.runs/synth_1/FirAxi_v8_0.dcp' has been generated.
report_utilization: Time (s): cpu = 00:00:00 ; elapsed = 00:00:00.020 . Memory (MB): peak = 665.969 ; gain = 0.000
INFO: [Common 17-206] Exiting Vivado at Fri Jul 12 12:04:20 2019...
