#-----------------------------------------------------------
# Webtalk v2017.1 (64-bit)
# SW Build 1846317 on Fri Apr 14 18:55:03 MDT 2017
# 
# Start of session at: Mon Jul 15 09:56:32 2019
# Process ID: 9560
# Current directory: C:/Users/Pract/Desktop/2017.1/FiltroFir/project_2/project_2.sdk/webtalk
# Command line: wbtcv.exe -mode batch -source sdk_webtalk.tcl
# Log file: C:/Users/Pract/Desktop/2017.1/FiltroFir/project_2/project_2.sdk/webtalk/webtalk.log
# Journal file: C:/Users/Pract/Desktop/2017.1/FiltroFir/project_2/project_2.sdk/webtalk\webtalk.jou
#-----------------------------------------------------------
source sdk_webtalk.tcl
# webtalk_init -webtalk_dir C:\\Users\\Pract\\Desktop\\2017.1\\FiltroFir\\project_2\\project_2.sdk\\webtalk
# webtalk_register_client -client project
# webtalk_add_data -client project -key date_generated -value "2019-07-15 09:56:31" -context "software_version_and_target_device"
# webtalk_add_data -client project -key product_version -value "SDK v2017.1" -context "software_version_and_target_device"
# webtalk_add_data -client project -key build_version -value "2017.1" -context "software_version_and_target_device"
# webtalk_add_data -client project -key os_platform -value "amd64" -context "software_version_and_target_device"
# webtalk_add_data -client project -key registration_id -value "174205943_174166714_210646279_127" -context "software_version_and_target_device"
# webtalk_add_data -client project -key tool_flow -value "SDK" -context "software_version_and_target_device"
# webtalk_add_data -client project -key beta -value "false" -context "software_version_and_target_device"
# webtalk_add_data -client project -key route_design -value "NA" -context "software_version_and_target_device"
# webtalk_add_data -client project -key target_family -value "NA" -context "software_version_and_target_device"
# webtalk_add_data -client project -key target_device -value "NA" -context "software_version_and_target_device"
# webtalk_add_data -client project -key target_package -value "NA" -context "software_version_and_target_device"
# webtalk_add_data -client project -key target_speed -value "NA" -context "software_version_and_target_device"
# webtalk_add_data -client project -key random_id -value "rnlhulr209teighj67mq9o3vmt" -context "software_version_and_target_device"
# webtalk_add_data -client project -key project_id -value "2017.1_10" -context "software_version_and_target_device"
# webtalk_add_data -client project -key project_iteration -value "10" -context "software_version_and_target_device"
# webtalk_add_data -client project -key os_name -value "Microsoft Windows 8 or later , 64-bit" -context "user_environment"
# webtalk_add_data -client project -key os_release -value "major release  (build 9200)" -context "user_environment"
# webtalk_add_data -client project -key cpu_name -value "Intel(R) Core(TM) i7-6700 CPU @ 3.40GHz" -context "user_environment"
# webtalk_add_data -client project -key cpu_speed -value "3408 MHz" -context "user_environment"
# webtalk_add_data -client project -key total_processors -value "1" -context "user_environment"
# webtalk_add_data -client project -key system_ram -value "17.000 GB" -context "user_environment"
# webtalk_register_client -client sdk
# webtalk_add_data -client sdk -key uid -value "1563177190361" -context "sdk\\\\hardware/1563177190361"
# webtalk_add_data -client sdk -key isZynq -value "true" -context "sdk\\\\hardware/1563177190361"
# webtalk_add_data -client sdk -key isZynqMP -value "false" -context "sdk\\\\hardware/1563177190361"
# webtalk_add_data -client sdk -key Processors -value "2" -context "sdk\\\\hardware/1563177190361"
# webtalk_add_data -client sdk -key VivadoVersion -value "2017.1" -context "sdk\\\\hardware/1563177190361"
# webtalk_add_data -client sdk -key Arch -value "zynq" -context "sdk\\\\hardware/1563177190361"
# webtalk_add_data -client sdk -key Device -value "7z020" -context "sdk\\\\hardware/1563177190361"
# webtalk_add_data -client sdk -key IsHandoff -value "true" -context "sdk\\\\hardware/1563177190361"
# webtalk_add_data -client sdk -key os -value "NA" -context "sdk\\\\hardware/1563177190361"
# webtalk_add_data -client sdk -key apptemplate -value "NA" -context "sdk\\\\hardware/1563177190361"
# webtalk_add_data -client sdk -key RecordType -value "HWCreation" -context "sdk\\\\hardware/1563177190361"
# webtalk_add_data -client sdk -key uid -value "NA" -context "sdk\\\\bsp/1563177391377"
# webtalk_add_data -client sdk -key RecordType -value "ToolUsage" -context "sdk\\\\bsp/1563177391377"
# webtalk_add_data -client sdk -key BootgenCount -value "0" -context "sdk\\\\bsp/1563177391377"
# webtalk_add_data -client sdk -key DebugCount -value "0" -context "sdk\\\\bsp/1563177391377"
# webtalk_add_data -client sdk -key PerfCount -value "0" -context "sdk\\\\bsp/1563177391377"
# webtalk_add_data -client sdk -key FlashCount -value "0" -context "sdk\\\\bsp/1563177391377"
# webtalk_add_data -client sdk -key CrossTriggCount -value "0" -context "sdk\\\\bsp/1563177391377"
# webtalk_add_data -client sdk -key QemuDebugCount -value "0" -context "sdk\\\\bsp/1563177391377"
# webtalk_transmit -clientid 2162164576 -regid "174205943_174166714_210646279_127" -xml C:\\Users\\Pract\\Desktop\\2017.1\\FiltroFir\\project_2\\project_2.sdk\\webtalk\\usage_statistics_ext_sdk.xml -html C:\\Users\\Pract\\Desktop\\2017.1\\FiltroFir\\project_2\\project_2.sdk\\webtalk\\usage_statistics_ext_sdk.html -wdm C:\\Users\\Pract\\Desktop\\2017.1\\FiltroFir\\project_2\\project_2.sdk\\webtalk\\sdk_webtalk.wdm -intro "<H3>SDK Usage Report</H3><BR>"
# webtalk_terminate
INFO: [Common 17-206] Exiting Webtalk at Mon Jul 15 09:56:32 2019...
