#
# A fatal error has been detected by the Java Runtime Environment:
#
#  EXCEPTION_ACCESS_VIOLATION (0xc0000005) at pc=0x00007ff930434ff2, pid=19860, tid=0x0000000000004fdc
#
# JRE version: Java(TM) SE Runtime Environment (8.0_112-b15) (build 1.8.0_112-b15)
# Java VM: Java HotSpot(TM) 64-Bit Server VM (25.112-b15 mixed mode windows-amd64 compressed oops)
# Problematic frame:
# C  [librdi_filemgmt.dll+0xe4ff2]
#
# Failed to write core dump. Minidumps are not enabled by default on client versions of Windows
#
# If you would like to submit a bug report, please visit:
#   http://bugreport.java.com/bugreport/crash.jsp
# The crash happened outside the Java Virtual Machine in native code.
# See problematic frame for where to report the bug.
#

---------------  T H R E A D  ---------------

Current thread (0x00000153c93d4000):  JavaThread "AWT-EventQueue-1" [_thread_in_native, id=20444, stack(0x0000004657900000,0x0000004657e00000)]

siginfo: ExceptionCode=0xc0000005, reading address 0xffffffffffffffff

Registers:
RAX=0x0000625636c13f9a, RBX=0x80040100aeb2c2b4, RCX=0x80040100aeb2c2b4, RDX=0x0000004657dfca28
RSP=0x0000004657dfc8c0, RBP=0x0000004657dfcb01, RSI=0x0000004657dfca30, RDI=0x0000004657dfca28
R8 =0x0000004657dfca30, R9 =0x00000153cb012790, R10=0x00000153afad922f, R11=0x0000000067bfb530
R12=0x0000000000000000, R13=0x00000153cbaf3af0, R14=0x0000004657dfcb78, R15=0x00000153c93d4000
RIP=0x00007ff930434ff2, EFLAGS=0x0000000000010206

Top of Stack: (sp=0x0000004657dfc8c0)
0x0000004657dfc8c0:   000000000000003a 0000000000000100
0x0000004657dfc8d0:   0000000000000000 0000000000000100
0x0000004657dfc8e0:   fffffffffffffffe 00000153c9417db0
0x0000004657dfc8f0:   00000153c93d4000 0000000067baaacf
0x0000004657dfc900:   00000153cad77ae0 0000004657dfc9c0
0x0000004657dfc910:   0000004657dfcab0 00000153c9417ca0
0x0000004657dfc920:   00000153c93d4001 0000004657dfcab0
0x0000004657dfc930:   00000153c93d4000 00000153afae5fa3
0x0000004657dfc940:   00000153cbaf3af0 00000153c93d4000
0x0000004657dfc950:   0000625636c13f9a 00000153c93d4000
0x0000004657dfc960:   0000000000000001 00007ff91014e9bf
0x0000004657dfc970:   00000153c9418088 00000153c9417cb0
0x0000004657dfc980:   00000153cae89150 0000000067bab1b1
0x0000004657dfc990:   fffffffffffffffe 0000004657dfcab0
0x0000004657dfc9a0:   0000004657dfca20 00000153c9417ca0
0x0000004657dfc9b0:   0000000000000000 0000c43a8e0b1b82 

Instructions: (pc=0x00007ff930434ff2)
0x00007ff930434fd2:   ec a8 00 00 00 48 c7 44 24 20 fe ff ff ff 48 8b
0x00007ff930434fe2:   05 09 84 4d 00 48 33 c4 48 89 84 24 90 00 00 00
0x00007ff930434ff2:   48 8b 81 b0 01 00 00 48 85 c0 75 4a 48 c7 44 24
0x00007ff930435002:   40 0f 00 00 00 48 89 44 24 38 88 44 24 28 44 8d 


Register to memory mapping:

RAX=0x0000625636c13f9a is an unknown value
RBX=0x80040100aeb2c2b4 is an unknown value
RCX=0x80040100aeb2c2b4 is an unknown value
RDX=0x0000004657dfca28 is pointing into the stack for thread: 0x00000153c93d4000
RSP=0x0000004657dfc8c0 is pointing into the stack for thread: 0x00000153c93d4000
RBP=0x0000004657dfcb01 is pointing into the stack for thread: 0x00000153c93d4000
RSI=0x0000004657dfca30 is pointing into the stack for thread: 0x00000153c93d4000
RDI=0x0000004657dfca28 is pointing into the stack for thread: 0x00000153c93d4000
R8 =0x0000004657dfca30 is pointing into the stack for thread: 0x00000153c93d4000
R9 =0x00000153cb012790 is an unknown value
R10=0x00000153afad922f is at code_begin+911 in an Interpreter codelet
method entry point (kind = native)  [0x00000153afad8ea0, 0x00000153afad98c0]  2592 bytes
R11=0x0000000067bfb530 is an unknown value
R12=0x0000000000000000 is an unknown value
R13={method} {0x00000153cbaf3af8} 'Design_warnForSynthRunGoingStale' '(J)Z' in 'ui/project/projecti'
R14=0x0000004657dfcb78 is pointing into the stack for thread: 0x00000153c93d4000
R15=0x00000153c93d4000 is a thread


Stack: [0x0000004657900000,0x0000004657e00000],  sp=0x0000004657dfc8c0,  free space=5106k
Native frames: (J=compiled Java code, j=interpreted, Vv=VM code, C=native code)
C  [librdi_filemgmt.dll+0xe4ff2]
C  [librdi_project.dll+0x14e9bf]
C  [librdi_project.dll+0x14eb13]
C  [librdi_project.dll+0x24a92f]
C  0x00000153afad925b

Java frames: (J=compiled Java code, j=interpreted, Vv=VM code)
j  ui.project.projecti.Design_warnForSynthRunGoingStale(J)Z+0
j  ui.project.a.egN()Z+4
j  ui.b.i.a.f.k(Lui/views/cj;)V+17
j  ui.data.design.j.a(Lui/project/a;Lui/views/cj;Ljava/lang/Runnable;)Z+43
j  ui.data.design.j.a(Ljava/util/Collection;Lui/views/S/s;)Z+98
j  ui.views.S.V.b(Lui/views/S/aj;Ljava/util/Collection;)Z+61
j  ui.views.S.V.a(Lui/views/S/aj;Ljava/util/Collection;)V+3
j  ui.views.S.V.a(Ljava/lang/String;ZLjava/lang/Runnable;Ljava/lang/Runnable;)Z+234
j  ui.dd.b(ZLjava/lang/Runnable;)V+232
j  ui.dd.a(Lui/dd;ZLjava/lang/Runnable;)V+3
j  ui.PlanAhead.a(ZLjava/lang/Runnable;)V+13
j  ui.ck.bP()V+49
j  ui.bk.bP()V+0
j  ui.ce.windowClosing(Ljava/awt/event/WindowEvent;)V+179
j  java.awt.AWTEventMulticaster.windowClosing(Ljava/awt/event/WindowEvent;)V+21
j  java.awt.AWTEventMulticaster.windowClosing(Ljava/awt/event/WindowEvent;)V+8
j  java.awt.AWTEventMulticaster.windowClosing(Ljava/awt/event/WindowEvent;)V+8
j  java.awt.Window.processWindowEvent(Ljava/awt/event/WindowEvent;)V+68
j  javax.swing.JFrame.processWindowEvent(Ljava/awt/event/WindowEvent;)V+2
j  java.awt.Window.processEvent(Ljava/awt/AWTEvent;)V+69
J 15616 C2 java.awt.Component.dispatchEventImpl(Ljava/awt/AWTEvent;)V (883 bytes) @ 0x00000153b27b6d78 [0x00000153b27b6560+0x818]
J 13952 C2 java.awt.Container.dispatchEventImpl(Ljava/awt/AWTEvent;)V (129 bytes) @ 0x00000153b0bf6240 [0x00000153b0bf5a20+0x820]
J 14835 C2 java.awt.Window.dispatchEventImpl(Ljava/awt/AWTEvent;)V (23 bytes) @ 0x00000153b1159ccc [0x00000153b1159c80+0x4c]
J 12734 C2 java.awt.EventQueue$3.run()Ljava/lang/Object; (5 bytes) @ 0x00000153b20d1b10 [0x00000153b20d1720+0x3f0]
v  ~StubRoutines::call_stub
J 2516  java.security.AccessController.doPrivileged(Ljava/security/PrivilegedAction;Ljava/security/AccessControlContext;)Ljava/lang/Object; (0 bytes) @ 0x00000153b0332726 [0x00000153b03326c0+0x66]
J 14713 C2 java.awt.EventQueue$4.run()Ljava/lang/Object; (5 bytes) @ 0x00000153b253bd34 [0x00000153b253bba0+0x194]
v  ~StubRoutines::call_stub
J 2516  java.security.AccessController.doPrivileged(Ljava/security/PrivilegedAction;Ljava/security/AccessControlContext;)Ljava/lang/Object; (0 bytes) @ 0x00000153b0332726 [0x00000153b03326c0+0x66]
J 13404 C2 ui.frmwork.b.d.dispatchEvent(Ljava/awt/AWTEvent;)V (45 bytes) @ 0x00000153b21abc98 [0x00000153b21ab9e0+0x2b8]
J 14554 C2 java.awt.EventDispatchThread.pumpOneEventForFilters(I)V (295 bytes) @ 0x00000153b1df6cc0 [0x00000153b1df6820+0x4a0]
j  java.awt.EventDispatchThread.pumpEventsForFilter(ILjava/awt/Conditional;Ljava/awt/EventFilter;)V+35
j  java.awt.EventDispatchThread.pumpEventsForHierarchy(ILjava/awt/Conditional;Ljava/awt/Component;)V+11
j  java.awt.EventDispatchThread.pumpEvents(ILjava/awt/Conditional;)V+4
j  java.awt.EventDispatchThread.pumpEvents(Ljava/awt/Conditional;)V+3
j  java.awt.EventDispatchThread.run()V+9
v  ~StubRoutines::call_stub

---------------  P R O C E S S  ---------------

Java Threads: ( => current thread )
  0x00000153caf30000 JavaThread "Image Fetcher 0" daemon [_thread_blocked, id=14556, stack(0x000000465ae00000,0x000000465b300000)]
  0x00000153caf2d000 JavaThread "Thread-44" [_thread_in_native, id=6976, stack(0x0000004651900000,0x0000004651a00000)]
  0x00000153caf27000 JavaThread "Thread-39" [_thread_in_native, id=10100, stack(0x0000004657000000,0x0000004657100000)]
  0x00000153caf29800 JavaThread "Thread-32" [_thread_in_native, id=21288, stack(0x0000004656f00000,0x0000004657000000)]
  0x00000153caf2c800 JavaThread "SyntheticaAnimation 50" daemon [_thread_blocked, id=16152, stack(0x000000465b800000,0x000000465bd00000)]
  0x00000153caf25000 JavaThread "Thread-23" [_thread_in_native, id=3332, stack(0x0000004659b00000,0x0000004659c00000)]
  0x00000153caf2b800 JavaThread "Thread-22" [_thread_in_native, id=6280, stack(0x0000004659a00000,0x0000004659b00000)]
  0x00000153cb287800 JavaThread "hw_ila_monitor" [_thread_blocked, id=13152, stack(0x000000465a900000,0x000000465ae00000)]
  0x00000153cb286800 JavaThread "Update Runs Swing Worker" [_thread_blocked, id=10284, stack(0x000000465a400000,0x000000465a900000)]
  0x00000153cb286000 JavaThread "Refresh Filesets Swing Worker" [_thread_blocked, id=5156, stack(0x0000004658300000,0x0000004658800000)]
  0x00000153cb285000 JavaThread "SyntheticaAnimation 70" daemon [_thread_blocked, id=7332, stack(0x0000004659f00000,0x000000465a400000)]
  0x00000153cb284800 JavaThread "SyntheticaAnimation 25" daemon [_thread_blocked, id=16556, stack(0x0000004659500000,0x0000004659a00000)]
  0x00000153cb289800 JavaThread "SyntheticaAnimation 50" daemon [_thread_blocked, id=5652, stack(0x0000004659000000,0x0000004659500000)]
  0x00000153cb289000 JavaThread "SyntheticaCleanerThread" daemon [_thread_blocked, id=10212, stack(0x0000004658800000,0x0000004658d00000)]
  0x00000153cb506800 JavaThread "Batik CleanerThread" daemon [_thread_blocked, id=3632, stack(0x0000004657400000,0x0000004657900000)]
  0x00000153c93d5800 JavaThread "Process Messages" [_thread_blocked, id=3996, stack(0x0000004657e00000,0x0000004658300000)]
=>0x00000153c93d4000 JavaThread "AWT-EventQueue-1" [_thread_in_native, id=20444, stack(0x0000004657900000,0x0000004657e00000)]
  0x00000153caf20800 JavaThread "Thread-3" [_thread_in_native, id=19000, stack(0x0000004651c00000,0x0000004653000000)]
  0x00000153c9360000 JavaThread "AWT-Windows" daemon [_thread_in_native, id=14800, stack(0x0000004656a00000,0x0000004656f00000)]
  0x00000153c935f800 JavaThread "AWT-Shutdown" [_thread_blocked, id=11220, stack(0x0000004656500000,0x0000004656a00000)]
  0x00000153c92e3000 JavaThread "Java2D Disposer" daemon [_thread_blocked, id=15864, stack(0x0000004656000000,0x0000004656500000)]
  0x00000153c92a9000 JavaThread "TimerQueue" daemon [_thread_blocked, id=20132, stack(0x0000004655b00000,0x0000004656000000)]
  0x00000153c6c31800 JavaThread "Service Thread" daemon [_thread_blocked, id=2284, stack(0x0000004655500000,0x0000004655a00000)]
  0x00000153c6c22800 JavaThread "C1 CompilerThread3" daemon [_thread_blocked, id=3920, stack(0x0000004655400000,0x0000004655500000)]
  0x00000153c6c1f800 JavaThread "C2 CompilerThread2" daemon [_thread_blocked, id=17232, stack(0x0000004655300000,0x0000004655400000)]
  0x00000153c6c1d000 JavaThread "C2 CompilerThread1" daemon [_thread_blocked, id=18968, stack(0x0000004655200000,0x0000004655300000)]
  0x00000153c6c1c000 JavaThread "C2 CompilerThread0" daemon [_thread_blocked, id=13084, stack(0x0000004655100000,0x0000004655200000)]
  0x00000153c6c1b000 JavaThread "Attach Listener" daemon [_thread_blocked, id=20692, stack(0x0000004654c00000,0x0000004655100000)]
  0x00000153c6c19800 JavaThread "Signal Dispatcher" daemon [_thread_blocked, id=15016, stack(0x0000004654700000,0x0000004654c00000)]
  0x00000153c6bf8000 JavaThread "Finalizer" daemon [_thread_blocked, id=21420, stack(0x0000004654200000,0x0000004654700000)]
  0x00000153c6bd7000 JavaThread "Reference Handler" daemon [_thread_blocked, id=3268, stack(0x0000004653d00000,0x0000004654200000)]
  0x00000153af9c4800 JavaThread "main" [_thread_blocked, id=18344, stack(0x0000004653300000,0x0000004653400000)]

Other Threads:
  0x00000153c6bd3000 VMThread [stack: 0x0000004653c00000,0x0000004653d00000] [id=11260]
  0x00000153c8978800 WatcherThread [stack: 0x0000004655a00000,0x0000004655b00000] [id=9124]

VM state:not at safepoint (normal execution)

VM Mutex/Monitor currently owned by a thread: None

Heap:
 PSYoungGen      total 47616K, used 28728K [0x00000007bc400000, 0x00000007c0000000, 0x00000007c0000000)
  eden space 33792K, 79% used [0x00000007bc400000,0x00000007bde5ad88,0x00000007be500000)
  from space 13824K, 12% used [0x00000007be500000,0x00000007be6b3330,0x00000007bf280000)
  to   space 13312K, 0% used [0x00000007bf300000,0x00000007bf300000,0x00000007c0000000)
 ParOldGen       total 135680K, used 57168K [0x0000000700000000, 0x0000000708480000, 0x00000007bc400000)
  object space 135680K, 42% used [0x0000000700000000,0x00000007037d40f8,0x0000000708480000)
 Metaspace       used 71807K, capacity 72437K, committed 72960K, reserved 1112064K
  class space    used 10309K, capacity 10429K, committed 10496K, reserved 1048576K

Card table byte_map: [0x00000153bee80000,0x00000153bf490000] byte_map_base: 0x00000153bb680000

Marking Bits: (ParMarkBitMap*) 0x00000000681ea6d0
 Begin Bits: [0x00000153bfa80000, 0x00000153c2a80000)
 End Bits:   [0x00000153c2a80000, 0x00000153c5a80000)

Polling page: 0x00000153a4e10000

CodeCache: size=245760Kb used=46819Kb max_used=46837Kb free=198940Kb
 bounds [0x00000153afac0000, 0x00000153b28d0000, 0x00000153beac0000]
 total_blobs=13399 nmethods=12383 adapters=921
 compilation: enabled

Compilation events (10 events):
Event: 156.072 Thread 0x00000153c6c22800 nmethod 15781 0x00000153afecc610 code [0x00000153afecc7c0, 0x00000153afeccfb0]
Event: 156.073 Thread 0x00000153c6c22800 15782       3       ui.views.V.a::dMz (9 bytes)
Event: 156.073 Thread 0x00000153c6c22800 nmethod 15782 0x00000153b28babd0 code [0x00000153b28bad60, 0x00000153b28bb3a0]
Event: 156.075 Thread 0x00000153c6c22800 15783       3       ui.views.c.l.b.a::bk (11 bytes)
Event: 156.075 Thread 0x00000153c6c22800 nmethod 15783 0x00000153afecba50 code [0x00000153afecbc00, 0x00000153afecc3f0]
Event: 156.087 Thread 0x00000153c6c1c000 15784       4       javax.swing.text.FlowView$FlowStrategy::layoutRow (415 bytes)
Event: 156.095 Thread 0x00000153c6c1f800 15785       4       java.util.regex.Pattern$Curly::study (153 bytes)
Event: 156.098 Thread 0x00000153c6c1f800 nmethod 15785 0x00000153afecb2d0 code [0x00000153afecb440, 0x00000153afecb6b8]
Event: 156.112 Thread 0x00000153c6c22800 15786       1       javax.swing.tree.VariableHeightLayoutCache$TreeStateNode::setYOrigin (6 bytes)
Event: 156.112 Thread 0x00000153c6c22800 nmethod 15786 0x00000153b2890dd0 code [0x00000153b2890f20, 0x00000153b2891038]

GC Heap History (10 events):
Event: 135.967 GC heap before
{Heap before GC invocations=62 (full 5):
 PSYoungGen      total 47104K, used 33888K [0x00000007bc400000, 0x00000007c0000000, 0x00000007c0000000)
  eden space 32768K, 100% used [0x00000007bc400000,0x00000007be400000,0x00000007be400000)
  from space 14336K, 7% used [0x00000007bf200000,0x00000007bf318000,0x00000007c0000000)
  to   space 14336K, 0% used [0x00000007be400000,0x00000007be400000,0x00000007bf200000)
 ParOldGen       total 135680K, used 57160K [0x0000000700000000, 0x0000000708480000, 0x00000007bc400000)
  object space 135680K, 42% used [0x0000000700000000,0x00000007037d20f8,0x0000000708480000)
 Metaspace       used 71221K, capacity 71829K, committed 72448K, reserved 1112064K
  class space    used 10264K, capacity 10397K, committed 10496K, reserved 1048576K
Event: 135.972 GC heap after
Heap after GC invocations=62 (full 5):
 PSYoungGen      total 47104K, used 1024K [0x00000007bc400000, 0x00000007c0000000, 0x00000007c0000000)
  eden space 32768K, 0% used [0x00000007bc400000,0x00000007bc400000,0x00000007be400000)
  from space 14336K, 7% used [0x00000007be400000,0x00000007be500000,0x00000007bf200000)
  to   space 14336K, 0% used [0x00000007bf200000,0x00000007bf200000,0x00000007c0000000)
 ParOldGen       total 135680K, used 57160K [0x0000000700000000, 0x0000000708480000, 0x00000007bc400000)
  object space 135680K, 42% used [0x0000000700000000,0x00000007037d20f8,0x0000000708480000)
 Metaspace       used 71221K, capacity 71829K, committed 72448K, reserved 1112064K
  class space    used 10264K, capacity 10397K, committed 10496K, reserved 1048576K
}
Event: 136.695 GC heap before
{Heap before GC invocations=63 (full 5):
 PSYoungGen      total 47104K, used 33792K [0x00000007bc400000, 0x00000007c0000000, 0x00000007c0000000)
  eden space 32768K, 100% used [0x00000007bc400000,0x00000007be400000,0x00000007be400000)
  from space 14336K, 7% used [0x00000007be400000,0x00000007be500000,0x00000007bf200000)
  to   space 14336K, 0% used [0x00000007bf200000,0x00000007bf200000,0x00000007c0000000)
 ParOldGen       total 135680K, used 57160K [0x0000000700000000, 0x0000000708480000, 0x00000007bc400000)
  object space 135680K, 42% used [0x0000000700000000,0x00000007037d20f8,0x0000000708480000)
 Metaspace       used 71242K, capacity 71893K, committed 72448K, reserved 1112064K
  class space    used 10265K, capacity 10397K, committed 10496K, reserved 1048576K
Event: 136.701 GC heap after
Heap after GC invocations=63 (full 5):
 PSYoungGen      total 47104K, used 1456K [0x00000007bc400000, 0x00000007c0000000, 0x00000007c0000000)
  eden space 32768K, 0% used [0x00000007bc400000,0x00000007bc400000,0x00000007be400000)
  from space 14336K, 10% used [0x00000007bf200000,0x00000007bf36c248,0x00000007c0000000)
  to   space 14336K, 0% used [0x00000007be400000,0x00000007be400000,0x00000007bf200000)
 ParOldGen       total 135680K, used 57160K [0x0000000700000000, 0x0000000708480000, 0x00000007bc400000)
  object space 135680K, 42% used [0x0000000700000000,0x00000007037d20f8,0x0000000708480000)
 Metaspace       used 71242K, capacity 71893K, committed 72448K, reserved 1112064K
  class space    used 10265K, capacity 10397K, committed 10496K, reserved 1048576K
}
Event: 140.895 GC heap before
{Heap before GC invocations=64 (full 5):
 PSYoungGen      total 47104K, used 34224K [0x00000007bc400000, 0x00000007c0000000, 0x00000007c0000000)
  eden space 32768K, 100% used [0x00000007bc400000,0x00000007be400000,0x00000007be400000)
  from space 14336K, 10% used [0x00000007bf200000,0x00000007bf36c248,0x00000007c0000000)
  to   space 14336K, 0% used [0x00000007be400000,0x00000007be400000,0x00000007bf200000)
 ParOldGen       total 135680K, used 57160K [0x0000000700000000, 0x0000000708480000, 0x00000007bc400000)
  object space 135680K, 42% used [0x0000000700000000,0x00000007037d20f8,0x0000000708480000)
 Metaspace       used 71297K, capacity 71893K, committed 72448K, reserved 1112064K
  class space    used 10265K, capacity 10397K, committed 10496K, reserved 1048576K
Event: 140.899 GC heap after
Heap after GC invocations=64 (full 5):
 PSYoungGen      total 47104K, used 1569K [0x00000007bc400000, 0x00000007c0000000, 0x00000007c0000000)
  eden space 32768K, 0% used [0x00000007bc400000,0x00000007bc400000,0x00000007be400000)
  from space 14336K, 10% used [0x00000007be400000,0x00000007be5884f8,0x00000007bf200000)
  to   space 13824K, 0% used [0x00000007bf280000,0x00000007bf280000,0x00000007c0000000)
 ParOldGen       total 135680K, used 57168K [0x0000000700000000, 0x0000000708480000, 0x00000007bc400000)
  object space 135680K, 42% used [0x0000000700000000,0x00000007037d40f8,0x0000000708480000)
 Metaspace       used 71297K, capacity 71893K, committed 72448K, reserved 1112064K
  class space    used 10265K, capacity 10397K, committed 10496K, reserved 1048576K
}
Event: 144.907 GC heap before
{Heap before GC invocations=65 (full 5):
 PSYoungGen      total 47104K, used 34337K [0x00000007bc400000, 0x00000007c0000000, 0x00000007c0000000)
  eden space 32768K, 100% used [0x00000007bc400000,0x00000007be400000,0x00000007be400000)
  from space 14336K, 10% used [0x00000007be400000,0x00000007be5884f8,0x00000007bf200000)
  to   space 13824K, 0% used [0x00000007bf280000,0x00000007bf280000,0x00000007c0000000)
 ParOldGen       total 135680K, used 57168K [0x0000000700000000, 0x0000000708480000, 0x00000007bc400000)
  object space 135680K, 42% used [0x0000000700000000,0x00000007037d40f8,0x0000000708480000)
 Metaspace       used 71335K, capacity 72021K, committed 72704K, reserved 1112064K
  class space    used 10265K, capacity 10397K, committed 10496K, reserved 1048576K
Event: 144.912 GC heap after
Heap after GC invocations=65 (full 5):
 PSYoungGen      total 47616K, used 1645K [0x00000007bc400000, 0x00000007c0000000, 0x00000007c0000000)
  eden space 33792K, 0% used [0x00000007bc400000,0x00000007bc400000,0x00000007be500000)
  from space 13824K, 11% used [0x00000007bf280000,0x00000007bf41b600,0x00000007c0000000)
  to   space 13824K, 0% used [0x00000007be500000,0x00000007be500000,0x00000007bf280000)
 ParOldGen       total 135680K, used 57168K [0x0000000700000000, 0x0000000708480000, 0x00000007bc400000)
  object space 135680K, 42% used [0x0000000700000000,0x00000007037d40f8,0x0000000708480000)
 Metaspace       used 71335K, capacity 72021K, committed 72704K, reserved 1112064K
  class space    used 10265K, capacity 10397K, committed 10496K, reserved 1048576K
}
Event: 145.925 GC heap before
{Heap before GC invocations=66 (full 5):
 PSYoungGen      total 47616K, used 35437K [0x00000007bc400000, 0x00000007c0000000, 0x00000007c0000000)
  eden space 33792K, 100% used [0x00000007bc400000,0x00000007be500000,0x00000007be500000)
  from space 13824K, 11% used [0x00000007bf280000,0x00000007bf41b600,0x00000007c0000000)
  to   space 13824K, 0% used [0x00000007be500000,0x00000007be500000,0x00000007bf280000)
 ParOldGen       total 135680K, used 57168K [0x0000000700000000, 0x0000000708480000, 0x00000007bc400000)
  object space 135680K, 42% used [0x0000000700000000,0x00000007037d40f8,0x0000000708480000)
 Metaspace       used 71431K, capacity 72053K, committed 72704K, reserved 1112064K
  class space    used 10290K, capacity 10429K, committed 10496K, reserved 1048576K
Event: 145.929 GC heap after
Heap after GC invocations=66 (full 5):
 PSYoungGen      total 47616K, used 1740K [0x00000007bc400000, 0x00000007c0000000, 0x00000007c0000000)
  eden space 33792K, 0% used [0x00000007bc400000,0x00000007bc400000,0x00000007be500000)
  from space 13824K, 12% used [0x00000007be500000,0x00000007be6b3330,0x00000007bf280000)
  to   space 13312K, 0% used [0x00000007bf300000,0x00000007bf300000,0x00000007c0000000)
 ParOldGen       total 135680K, used 57168K [0x0000000700000000, 0x0000000708480000, 0x00000007bc400000)
  object space 135680K, 42% used [0x0000000700000000,0x00000007037d40f8,0x0000000708480000)
 Metaspace       used 71431K, capacity 72053K, committed 72704K, reserved 1112064K
  class space    used 10290K, capacity 10429K, committed 10496K, reserved 1048576K
}

Deoptimization events (10 events):
Event: 145.877 Thread 0x00000153c93d4000 Uncommon trap: reason=null_check action=make_not_entrant pc=0x00000153b201a9f0 method=com.jidesoft.utils.CacheMap.getCache(Ljava/lang/Class;)Lcom/jidesoft/utils/CacheMap$Cache; @ 22
Event: 145.909 Thread 0x00000153c93d4000 Uncommon trap: reason=unstable_if action=reinterpret pc=0x00000153b1e26150 method=java.awt.GradientPaintContext.clipFillRaster([IIIIIDDD)V @ 20
Event: 147.490 Thread 0x00000153c93d4000 Uncommon trap: reason=class_check action=maybe_recompile pc=0x00000153b27b0ec0 method=com.jidesoft.grid.TableModelWrapperUtils.getRowAt(Ljavax/swing/table/TableModel;Ljavax/swing/table/TableModel;I)I @ 29
Event: 147.908 Thread 0x00000153c93d4000 Uncommon trap: reason=class_check action=maybe_recompile pc=0x00000153b27b0ec0 method=com.jidesoft.grid.TableModelWrapperUtils.getRowAt(Ljavax/swing/table/TableModel;Ljavax/swing/table/TableModel;I)I @ 29
Event: 149.863 Thread 0x00000153c93d4000 Uncommon trap: reason=class_check action=maybe_recompile pc=0x00000153b24b1958 method=sun.java2d.pipe.PixelToParallelogramConverter.draw(Lsun/java2d/SunGraphics2D;Ljava/awt/Shape;)V @ 38
Event: 149.886 Thread 0x00000153c93d4000 Uncommon trap: reason=class_check action=maybe_recompile pc=0x00000153b24b1958 method=sun.java2d.pipe.PixelToParallelogramConverter.draw(Lsun/java2d/SunGraphics2D;Ljava/awt/Shape;)V @ 38
Event: 149.897 Thread 0x00000153c93d4000 Uncommon trap: reason=class_check action=maybe_recompile pc=0x00000153b24b1958 method=sun.java2d.pipe.PixelToParallelogramConverter.draw(Lsun/java2d/SunGraphics2D;Ljava/awt/Shape;)V @ 38
Event: 149.913 Thread 0x00000153c93d4000 Uncommon trap: reason=class_check action=maybe_recompile pc=0x00000153b24b1958 method=sun.java2d.pipe.PixelToParallelogramConverter.draw(Lsun/java2d/SunGraphics2D;Ljava/awt/Shape;)V @ 38
Event: 154.905 Thread 0x00000153c93d4000 Uncommon trap: reason=unstable_if action=reinterpret pc=0x00000153b046c3c0 method=com.jidesoft.grid.CellSpanTable.getCellSpanAt(II)Lcom/jidesoft/grid/CellSpan; @ 20
Event: 156.012 Thread 0x00000153c93d4000 Uncommon trap: reason=bimorphic action=maybe_recompile pc=0x00000153b1c678e0 method=java.awt.LightweightDispatcher.eventDispatched(Ljava/awt/AWTEvent;)V @ 70

Internal exceptions (10 events):
Event: 131.466 Thread 0x00000153c93d4000 Exception <a 'java/lang/NullPointerException'> (0x00000007bcd29fc0) thrown at [C:\re\workspace\8-2-build-windows-amd64-cygwin\jdk8u112\7884\hotspot\src\share\vm\runtime\sharedRuntime.cpp, line 605]
Event: 131.469 Thread 0x00000153c93d4000 Implicit null exception at 0x00000153b207fcb8 to 0x00000153b207fefa
Event: 131.469 Thread 0x00000153c93d4000 Exception <a 'java/lang/NullPointerException'> (0x00000007bcd3a840) thrown at [C:\re\workspace\8-2-build-windows-amd64-cygwin\jdk8u112\7884\hotspot\src\share\vm\runtime\sharedRuntime.cpp, line 605]
Event: 131.471 Thread 0x00000153c93d4000 Implicit null exception at 0x00000153b207fcb8 to 0x00000153b207fefa
Event: 131.471 Thread 0x00000153c93d4000 Exception <a 'java/lang/NullPointerException'> (0x00000007bcd47cf0) thrown at [C:\re\workspace\8-2-build-windows-amd64-cygwin\jdk8u112\7884\hotspot\src\share\vm\runtime\sharedRuntime.cpp, line 605]
Event: 135.147 Thread 0x00000153c93d4000 Implicit null exception at 0x00000153b207fcb8 to 0x00000153b207fefa
Event: 135.147 Thread 0x00000153c93d4000 Exception <a 'java/lang/NullPointerException'> (0x00000007bde92b60) thrown at [C:\re\workspace\8-2-build-windows-amd64-cygwin\jdk8u112\7884\hotspot\src\share\vm\runtime\sharedRuntime.cpp, line 605]
Event: 136.515 Thread 0x00000153c93d4000 Exception <a 'de/concept/nlview/NlviewException'> (0x00000007bd04b7d0) thrown at [C:\re\workspace\8-2-build-windows-amd64-cygwin\jdk8u112\7884\hotspot\src\share\vm\prims\jni.cpp, line 709]
Event: 136.515 Thread 0x00000153c93d4000 Exception <a 'de/concept/nlview/NlviewException'> (0x00000007bd04cf80) thrown at [C:\re\workspace\8-2-build-windows-amd64-cygwin\jdk8u112\7884\hotspot\src\share\vm\prims\jni.cpp, line 709]
Event: 145.877 Thread 0x00000153c93d4000 Implicit null exception at 0x00000153b201a5b4 to 0x00000153b201a9e1

Events (10 events):
Event: 156.122 loading class com/google/common/collect/Iterators$7
Event: 156.122 loading class com/google/common/collect/Iterators$7 done
Event: 156.122 loading class com/google/common/collect/AbstractIterator
Event: 156.122 loading class com/google/common/collect/AbstractIterator done
Event: 156.123 loading class com/google/common/collect/AbstractIterator$State
Event: 156.123 loading class com/google/common/collect/AbstractIterator$State done
Event: 156.123 loading class com/google/common/collect/AbstractIterator$1
Event: 156.123 loading class com/google/common/collect/AbstractIterator$1 done
Event: 156.123 loading class ui/b/i/a/f
Event: 156.123 loading class ui/b/i/a/f done


Dynamic libraries:
0x00007ff7e9680000 - 0x00007ff7e96b0000 	C:\Xilinx\Vivado\2018.2\bin\unwrapped\win64.o\vivado.exe
0x00007ff9980a0000 - 0x00007ff99828d000 	C:\WINDOWS\SYSTEM32\ntdll.dll
0x00007ff997ce0000 - 0x00007ff997d93000 	C:\WINDOWS\System32\KERNEL32.DLL
0x00007ff994d50000 - 0x00007ff994fe3000 	C:\WINDOWS\System32\KERNELBASE.dll
0x00007ff9941f0000 - 0x00007ff9942ea000 	C:\WINDOWS\System32\ucrtbase.dll
0x00007ff980a20000 - 0x00007ff980abb000 	C:\WINDOWS\SYSTEM32\MSVCP140.dll
0x00007ff981090000 - 0x00007ff9810a6000 	C:\WINDOWS\SYSTEM32\VCRUNTIME140.dll
0x00007ff98e0e0000 - 0x00007ff98e0f4000 	C:\Xilinx\Vivado\2018.2\lib\win64.o\libboost_signals.dll
0x00007ff944100000 - 0x00007ff944f19000 	C:\Xilinx\Vivado\2018.2\lib\win64.o\librdi_common.dll
0x00007ff98e0c0000 - 0x00007ff98e0d4000 	C:\Xilinx\Vivado\2018.2\lib\win64.o\librdi_commonmain.dll
0x00007ff9974a0000 - 0x00007ff997637000 	C:\WINDOWS\System32\USER32.dll
0x00007ff994ff0000 - 0x00007ff995010000 	C:\WINDOWS\System32\win32u.dll
0x00007ff997640000 - 0x00007ff997669000 	C:\WINDOWS\System32\GDI32.dll
0x00007ff994310000 - 0x00007ff9944aa000 	C:\WINDOWS\System32\gdi32full.dll
0x00007ff994cb0000 - 0x00007ff994d50000 	C:\WINDOWS\System32\msvcp_win.dll
0x00007ff9973f0000 - 0x00007ff997493000 	C:\WINDOWS\System32\ADVAPI32.dll
0x00007ff997c40000 - 0x00007ff997cde000 	C:\WINDOWS\System32\msvcrt.dll
0x00007ff95d950000 - 0x00007ff95dcbe000 	C:\Xilinx\Vivado\2018.2\lib\win64.o\libCOIN-all.dll
0x00007ff95d690000 - 0x00007ff95d945000 	C:\Xilinx\Vivado\2018.2\lib\win64.o\libXil_lmgr11.dll
0x00007ff997ed0000 - 0x00007ff997f6e000 	C:\WINDOWS\System32\sechost.dll
0x00007ff997da0000 - 0x00007ff997ec7000 	C:\WINDOWS\System32\COMDLG32.dll
0x00007ff995a70000 - 0x00007ff995b92000 	C:\WINDOWS\System32\RPCRT4.dll
0x00007ff997910000 - 0x00007ff997c3d000 	C:\WINDOWS\System32\combase.dll
0x00007ff995ef0000 - 0x00007ff9973e0000 	C:\WINDOWS\System32\SHELL32.dll
0x00007ff995220000 - 0x00007ff99529e000 	C:\WINDOWS\System32\bcryptPrimitives.dll
0x00007ff994c00000 - 0x00007ff994c4a000 	C:\WINDOWS\System32\cfgmgr32.dll
0x00007ff995c00000 - 0x00007ff995ca8000 	C:\WINDOWS\System32\shcore.dll
0x00007ff9944b0000 - 0x00007ff994bfa000 	C:\WINDOWS\System32\windows.storage.dll
0x00007ff9978a0000 - 0x00007ff9978f2000 	C:\WINDOWS\System32\SHLWAPI.dll
0x00007ff986b20000 - 0x00007ff986b46000 	C:\Xilinx\Vivado\2018.2\lib\win64.o\libboost_filesystem.dll
0x00007ff994110000 - 0x00007ff994134000 	C:\WINDOWS\System32\profapi.dll
0x00007ff9940b0000 - 0x00007ff99410d000 	C:\WINDOWS\System32\powrprof.dll
0x00007ff995cb0000 - 0x00007ff995d7b000 	C:\WINDOWS\System32\OLEAUT32.dll
0x00007ff994070000 - 0x00007ff994081000 	C:\WINDOWS\System32\kernel.appcore.dll
0x00007ff9952a0000 - 0x00007ff9953f5000 	C:\WINDOWS\System32\ole32.dll
0x00007ff9942f0000 - 0x00007ff994307000 	C:\WINDOWS\System32\cryptsp.dll
0x00007ff997fd0000 - 0x00007ff99803d000 	C:\WINDOWS\System32\WS2_32.dll
0x00007ff994c50000 - 0x00007ff994ca9000 	C:\WINDOWS\System32\WINTRUST.dll
0x00007ff988c90000 - 0x00007ff988ca4000 	C:\Xilinx\Vivado\2018.2\lib\win64.o\libboost_date_time.dll
0x00007ff994090000 - 0x00007ff9940a2000 	C:\WINDOWS\System32\MSASN1.dll
0x00007ff995040000 - 0x00007ff99521b000 	C:\WINDOWS\System32\CRYPT32.dll
0x00007ff98fb20000 - 0x00007ff98fb2a000 	C:\Xilinx\Vivado\2018.2\lib\win64.o\librdi_commonversion.dll
0x00007ff968910000 - 0x00007ff968a31000 	C:\Xilinx\Vivado\2018.2\lib\win64.o\librdi_commonxillic.dll
0x0000000068900000 - 0x0000000068a2b000 	C:\Xilinx\Vivado\2018.2\lib\win64.o\tcl85t.dll
0x00007ff9742e0000 - 0x00007ff97435f000 	C:\Xilinx\Vivado\2018.2\lib\win64.o\libboost_program_options.dll
0x00007ff965c20000 - 0x00007ff965d34000 	C:\Xilinx\Vivado\2018.2\lib\win64.o\libboost_regex.dll
0x00007ff97ed10000 - 0x00007ff97ed31000 	C:\Xilinx\Vivado\2018.2\lib\win64.o\libboost_thread.dll
0x00007ff98f4a0000 - 0x00007ff98f4ab000 	C:\Xilinx\Vivado\2018.2\lib\win64.o\libboost_system.dll
0x00007ff98e160000 - 0x00007ff98e16f000 	C:\Xilinx\Vivado\2018.2\lib\win64.o\libboost_xilinx.dll
0x00007ff96e810000 - 0x00007ff96e892000 	C:\Xilinx\Vivado\2018.2\lib\win64.o\libhdlpsolve.dll
0x00007ff96c260000 - 0x00007ff96c305000 	C:\Xilinx\Vivado\2018.2\lib\win64.o\libhdxml.dll
0x00007ff945630000 - 0x00007ff945ee3c00 	C:\Xilinx\Vivado\2018.2\lib\win64.o\libisl_iostreams.dll
0x00007ff97d610000 - 0x00007ff97d63e000 	C:\Xilinx\Vivado\2018.2\lib\win64.o\libisl_sysinfo.dll
0x00007ff9736c0000 - 0x00007ff973725000 	C:\Xilinx\Vivado\2018.2\lib\win64.o\liblmx6.0.dll
0x00000000679d0000 - 0x000000006826a000 	C:\Xilinx\Vivado\2018.2\tps\win64\jre\bin\server\jvm.dll
0x00007ff986870000 - 0x00007ff98688a000 	C:\Xilinx\Vivado\2018.2\lib\win64.o\pthreadVC2.dll
0x00007ff995e00000 - 0x00007ff995e08000 	C:\WINDOWS\System32\PSAPI.DLL
0x00007ff95ef80000 - 0x00007ff95f0d1000 	C:\Xilinx\Vivado\2018.2\lib\win64.o\librdi_curl.dll
0x00007ff97ed80000 - 0x00007ff97ed9c000 	C:\Xilinx\Vivado\2018.2\lib\win64.o\librdiconfig.dll
0x00007ff979fd0000 - 0x00007ff979ff1000 	C:\Xilinx\Vivado\2018.2\lib\win64.o\librdizlib.dll
0x00007ff9809a0000 - 0x00007ff9809b7000 	C:\WINDOWS\SYSTEM32\NETAPI32.dll
0x0000000012000000 - 0x0000000012272000 	C:\Xilinx\Vivado\2018.2\lib\win64.o\xerces-c_3_1.dll
0x00007ff981960000 - 0x00007ff981e41000 	C:\WINDOWS\SYSTEM32\WININET.dll
0x00007ff988880000 - 0x00007ff988971000 	C:\WINDOWS\SYSTEM32\WINHTTP.dll
0x00007ff986140000 - 0x00007ff986316000 	C:\WINDOWS\SYSTEM32\urlmon.dll
0x00007ff98d530000 - 0x00007ff98d5d9000 	C:\WINDOWS\WinSxS\amd64_microsoft.windows.common-controls_6595b64144ccf1df_5.82.17763.379_none_10e5882c642d5588\COMCTL32.dll
0x00007ff97fa80000 - 0x00007ff97fa89000 	C:\WINDOWS\SYSTEM32\WSOCK32.dll
0x00007ff98dd50000 - 0x00007ff98dd6c000 	C:\WINDOWS\SYSTEM32\dhcpcsvc.DLL
0x00007ff997900000 - 0x00007ff997908000 	C:\WINDOWS\System32\NSI.dll
0x00007ff9770c0000 - 0x00007ff9770e8000 	C:\WINDOWS\SYSTEM32\VCOMP140.DLL
0x00007ff93b1a0000 - 0x00007ff93c031000 	C:\Xilinx\Vivado\2018.2\lib\win64.o\gurobi65.dll
0x00007ff98d230000 - 0x00007ff98d23d000 	C:\Xilinx\Vivado\2018.2\lib\win64.o\libboost_chrono.dll
0x00007ff97d5f0000 - 0x00007ff97d60b000 	C:\Xilinx\Vivado\2018.2\lib\win64.o\libboost_iostreams.dll
0x00007ff972060000 - 0x00007ff972085000 	C:\Xilinx\Vivado\2018.2\lib\win64.o\libisl_iosutils.dll
0x00007ff98f880000 - 0x00007ff98f8a4000 	C:\WINDOWS\SYSTEM32\WINMM.dll
0x00007ff98bff0000 - 0x00007ff98bffa000 	C:\WINDOWS\SYSTEM32\VERSION.dll
0x00000000685a0000 - 0x0000000068672000 	C:\WINDOWS\SYSTEM32\MSVCR100.dll
0x00007ff984f80000 - 0x00007ff985228000 	C:\WINDOWS\SYSTEM32\iertutil.dll
0x00007ff98f840000 - 0x00007ff98f86d000 	C:\WINDOWS\SYSTEM32\WINMMBASE.dll
0x00007ff993ac0000 - 0x00007ff993acc000 	C:\WINDOWS\SYSTEM32\CRYPTBASE.DLL
0x00007ff995ec0000 - 0x00007ff995eee000 	C:\WINDOWS\System32\IMM32.DLL
0x00007ff943c70000 - 0x00007ff9440fc000 	C:\Xilinx\Vivado\2018.2\lib\win64.o\librdi_commontasks.dll
0x00007ff95d410000 - 0x00007ff95d687000 	C:\Xilinx\Vivado\2018.2\lib\win64.o\librdi_sio.dll
0x00007ff993650000 - 0x00007ff99368d000 	C:\WINDOWS\SYSTEM32\IPHLPAPI.DLL
0x00007ff938fa0000 - 0x00007ff93b19f000 	C:\Xilinx\Vivado\2018.2\lib\win64.o\librdi_tcltasks.dll
0x00007ff952670000 - 0x00007ff9527ee000 	C:\Xilinx\Vivado\2018.2\lib\win64.o\librdi_board.dll
0x00007ff938bc0000 - 0x00007ff938f95000 	C:\Xilinx\Vivado\2018.2\lib\win64.o\librdi_bitstream.dll
0x00007ff9694b0000 - 0x00007ff96951a000 	C:\Xilinx\Vivado\2018.2\lib\win64.o\librdi_boarddep.dll
0x00007ff952420000 - 0x00007ff952667000 	C:\Xilinx\Vivado\2018.2\lib\win64.o\librdi_chipscope.dll
0x00007ff94bf00000 - 0x00007ff94c028000 	C:\Xilinx\Vivado\2018.2\lib\win64.o\librdi_containers.dll
0x00007ff937360000 - 0x00007ff938bb9000 	C:\Xilinx\Vivado\2018.2\lib\win64.o\librdi_constraints.dll
0x00007ff934f60000 - 0x00007ff93563a000 	C:\Xilinx\Vivado\2018.2\lib\win64.o\librdi_coregenipxact.dll
0x00007ff935640000 - 0x00007ff937351000 	C:\Xilinx\Vivado\2018.2\lib\win64.o\librdi_coregen.dll
0x00007ff930ee0000 - 0x00007ff9311f8000 	C:\Xilinx\Vivado\2018.2\lib\win64.o\librdi_dlyest.dll
0x00007ff931200000 - 0x00007ff934f60000 	C:\Xilinx\Vivado\2018.2\lib\win64.o\librdi_designutils.dll
0x00007ff930990000 - 0x00007ff930ed1000 	C:\Xilinx\Vivado\2018.2\lib\win64.o\librdi_drc.dll
0x00007ff969330000 - 0x00007ff9693f2000 	C:\Xilinx\Vivado\2018.2\lib\win64.o\librdi_dsp.dll
0x00007ff930350000 - 0x00007ff930981000 	C:\Xilinx\Vivado\2018.2\lib\win64.o\librdi_filemgmt.dll
0x00007ff943990000 - 0x00007ff943c61000 	C:\Xilinx\Vivado\2018.2\lib\win64.o\librdi_guitools.dll
0x00007ff9719a0000 - 0x00007ff9719f8000 	C:\Xilinx\Vivado\2018.2\lib\win64.o\librdi_hdf.dll
0x00007ff913d50000 - 0x00007ff922548000 	C:\Xilinx\Vivado\2018.2\lib\win64.o\librdi_device.dll
0x00007ff92eab0000 - 0x00007ff92f101000 	C:\Xilinx\Vivado\2018.2\lib\win64.o\librdi_memdata.dll
0x00007ff92f110000 - 0x00007ff930344000 	C:\Xilinx\Vivado\2018.2\lib\win64.o\librdi_implflow.dll
0x00007ff92d390000 - 0x00007ff92d832000 	C:\Xilinx\Vivado\2018.2\lib\win64.o\librdi_netlist.dll
0x00007ff96f680000 - 0x00007ff96f6c9000 	C:\Xilinx\Vivado\2018.2\lib\win64.o\librdi_pfi.dll
0x00007ff910540000 - 0x00007ff913d4a000 	C:\Xilinx\Vivado\2018.2\lib\win64.o\librdi_mig.dll
0x00007ff923910000 - 0x00007ff925cae000 	C:\Xilinx\Vivado\2018.2\lib\win64.o\librdi_place.dll
0x00007ff9453a0000 - 0x00007ff94562a000 	C:\Xilinx\Vivado\2018.2\lib\win64.o\librdi_platform.dll
0x00007ff92cca0000 - 0x00007ff92d38c000 	C:\Xilinx\Vivado\2018.2\lib\win64.o\librdi_power.dll
0x00007ff910000000 - 0x00007ff91053d000 	C:\Xilinx\Vivado\2018.2\lib\win64.o\librdi_project.dll
0x00007ff90f910000 - 0x00007ff90fff1000 	C:\Xilinx\Vivado\2018.2\lib\win64.o\librdi_psta.dll
0x00007ff90f2d0000 - 0x00007ff90f90f000 	C:\Xilinx\Vivado\2018.2\lib\win64.o\librdi_rsb.dll
0x00007ff92c460000 - 0x00007ff92c823000 	C:\Xilinx\Vivado\2018.2\lib\win64.o\librdi_runs.dll
0x00007ff968db0000 - 0x00007ff968e87000 	C:\Xilinx\Vivado\2018.2\lib\win64.o\librdi_runsbase.dll
0x00007ff92e880000 - 0x00007ff92eaa6000 	C:\Xilinx\Vivado\2018.2\lib\win64.o\librdi_simdata.dll
0x00007ff966ef0000 - 0x00007ff966fbb000 	C:\Xilinx\Vivado\2018.2\lib\win64.o\librdi_xhub.dll
0x00007ff90e5b0000 - 0x00007ff90f2cd000 	C:\Xilinx\Vivado\2018.2\lib\win64.o\librdi_timing.dll
0x00007ff9691d0000 - 0x00007ff96921c000 	C:\Xilinx\Vivado\2018.2\lib\win64.o\libboost_serialization.dll
0x00007ff964eb0000 - 0x00007ff964f5f000 	C:\Xilinx\Vivado\2018.2\lib\win64.o\librdi_hip_devdesign.dll
0x00007ff968bf0000 - 0x00007ff968c56000 	C:\Xilinx\Vivado\2018.2\lib\win64.o\librdi_ipconfig_readwrite.dll
0x00007ff9718f0000 - 0x00007ff971928000 	C:\Xilinx\Vivado\2018.2\lib\win64.o\librdi_noc_frameworks.dll
0x00007ff9630e0000 - 0x00007ff96317e000 	C:\Xilinx\Vivado\2018.2\lib\win64.o\libise.dll
0x00007ff90dab0000 - 0x00007ff90e5a3000 	C:\Xilinx\Vivado\2018.2\lib\win64.o\libverific.dll
0x00007ff9635a0000 - 0x00007ff963628000 	C:\Xilinx\Vivado\2018.2\lib\win64.o\librdi_hip_config.dll
0x00007ff90d560000 - 0x00007ff90daae000 	C:\Xilinx\Vivado\2018.2\lib\win64.o\librdi_xdm.dll
0x00007ff90cfb0000 - 0x00007ff90d551000 	C:\Xilinx\Vivado\2018.2\lib\win64.o\librdi_wavedata.dll
0x00007ff967910000 - 0x00007ff967959000 	C:\Xilinx\Vivado\2018.2\lib\win64.o\librdi_wavedata_SimpleApi.dll
0x00007ff92b840000 - 0x00007ff92ba82000 	C:\Xilinx\Vivado\2018.2\lib\win64.o\librdi_hsm.dll

VM Arguments:
jvm_args: -Dsun.java2d.pmoffscreen=false -Dsun.java2d.xrender=false -Dsun.java2d.d3d=false -Dsun.awt.nopixfmt=true -Xverify:none -Dswing.aatext=true -XX:-UsePerfData -Djdk.map.althashing.threshold=512 -XX:StringTableSize=4072 -XX:NewSize=60m -XX:MaxNewSize=60m -Xms128m -Xmx3072m -Xss5m 
java_command: <unknown>
java_class_path (initial): C:/Xilinx/Vivado/2018.2\lib\classes\alloy.jar;C:/Xilinx/Vivado/2018.2\lib\classes\autopilot.scelaborator.jar;C:/Xilinx/Vivado/2018.2\lib\classes\autopilot.sourceprocessor.jar;C:/Xilinx/Vivado/2018.2\lib\classes\autopilot.tbprocessor.jar;C:/Xilinx/Vivado/2018.2\lib\classes\batik-anim.jar;C:/Xilinx/Vivado/2018.2\lib\classes\batik-awt-util.jar;C:/Xilinx/Vivado/2018.2\lib\classes\batik-bridge.jar;C:/Xilinx/Vivado/2018.2\lib\classes\batik-codec.jar;C:/Xilinx/Vivado/2018.2\lib\classes\batik-css.jar;C:/Xilinx/Vivado/2018.2\lib\classes\batik-dom.jar;C:/Xilinx/Vivado/2018.2\lib\classes\batik-ext.jar;C:/Xilinx/Vivado/2018.2\lib\classes\batik-gui-util.jar;C:/Xilinx/Vivado/2018.2\lib\classes\batik-gvt.jar;C:/Xilinx/Vivado/2018.2\lib\classes\batik-parser.jar;C:/Xilinx/Vivado/2018.2\lib\classes\batik-script.jar;C:/Xilinx/Vivado/2018.2\lib\classes\batik-svg-dom.jar;C:/Xilinx/Vivado/2018.2\lib\classes\batik-swing.jar;C:/Xilinx/Vivado/2018.2\lib\classes\batik-transcoder.jar;C:/Xilinx/Vivado/2018.2\lib\classes\batik-util.jar;C:/Xilinx/Vivado/2018.2\lib\classes\batik-xml.jar;C:/Xilinx/Vivado/2018.2\lib\classes\com.ibm.icu_4.4.2.v20110208.jar;C:/Xilinx/Vivado/2018.2\lib\classes\commons-collections4-4.1.jar;C:/Xilinx/Vivado/2018.2\lib\classes\commons-math-2.2.jar;C:/Xilinx/Vivado/2018.2\lib\classes\dom4j-1.6.1.jar;C:/Xilinx/Vivado/2018.2\lib\classes\guava-18.0.jar;C:/Xilinx/Vivado/2018.2\lib\classes\help.jar;C:/Xilinx/Vivado/2018.2\lib\classes\hsqldb.jar;C:/Xilinx/Vivado/2018.2\lib\classes\jargs.jar;C:/Xilinx/Vivado/2018.2\lib\classes\jh.jar;C:/Xilinx/Vivado/2018.2\lib\classes\jide-action.jar;C:/Xilinx/Vivado/2018.2\lib\classes\jide-charts.jar;C:/Xilinx/Vivado/2018.2\lib\classes\jide-common.jar;C:/Xilinx/Vivado/2018.2\lib\classes\jide-components.jar;C:/Xilinx/Vivado/2018.2\lib\classes\jide-dashboard.jar;C:/Xilinx/Vivado/2018.2\lib\classes\jide-data.jar;C:/Xilinx/Vivado/2018.2\lib\classes\jide-dialogs.jar;C:/Xilinx/Vivado/2018.2\lib\classes\jide-diff.jar;C:/X
Launcher Type: generic

Environment Variables:
PATH=C:/Xilinx/Vivado/2018.2/bin;C:/Xilinx/Vivado/2018.2/lib/win64.o;C:/Xilinx/Vivado/2018.2/tps/win64/jre/bin/server;C:/Xilinx/Vivado/2018.2/tps/win64/jre/bin;C:/Xilinx/SDK/2018.2/bin;C:/Xilinx/Vivado/2018.2/ids_lite/ISE/bin/nt64;C:/Xilinx/Vivado/2018.2/ids_lite/ISE/lib/nt64;C:\Program Files (x86)\Intel\iCLS Client\;C:\Program Files\Intel\iCLS Client\;C:\WINDOWS\system32;C:\WINDOWS;C:\WINDOWS\System32\Wbem;C:\WINDOWS\System32\WindowsPowerShell\v1.0\;C:\Program Files (x86)\Intel\Intel(R) Management Engine Components\DAL;C:\Program Files\Intel\Intel(R) Management Engine Components\DAL;C:\Program Files (x86)\Intel\Intel(R) Management Engine Components\IPT;C:\Program Files\Intel\Intel(R) Management Engine Components\IPT;C:\WINDOWS\System32\OpenSSH\;C:\Program Files (x86)\NVIDIA Corporation\PhysX\Common;C:\Program Files\NVIDIA Corporation\NVIDIA NvDLISR;C:\Program Files\MATLAB\R2018b\runtime\win64;C:\Program Files\MATLAB\R2018b\bin;C:\OrCAD\OrCAD_16.3_Demo\tools\PSpice;C:\OrCAD\OrCAD_16.3_Demo\tools\PSpice\Library;C:\OrCAD\OrCAD_16.3_Demo\tools\Capture;C:\OrCAD\OrCAD_16.3_Demo\tools\bin;C:\OrCAD\OrCAD_16.3_Demo\OpenAccess\bin\win32\opt;C:\OrCAD\OrCAD_16.3_Demo\tools\fet\bin;C:\OrCAD\OrCAD_16.3_Demo\tools\pcb\bin;C:\Program Files\PuTTY\;C:\Users\Jorjo80\AppData\Local\Microsoft\WindowsApps;C:\Users\Jorjo80\AppData\Local\GitHubDesktop\bin;C:/Xilinx/Vivado/2018.2\tps\mingw\6.2.0\win64.o\nt\bin;C:/Xilinx/Vivado/2018.2\tps\mingw\6.2.0\win64.o\nt\libexec\gcc\x86_64-w64-mingw32\6.2.0
USERNAME=Jorjo80
OS=Windows_NT
PROCESSOR_IDENTIFIER=Intel64 Family 6 Model 60 Stepping 3, GenuineIntel



---------------  S Y S T E M  ---------------

OS: Windows 10.0 , 64 bit Build 17763 (10.0.17763.379)

CPU:total 8 (4 cores per cpu, 2 threads per core) family 6 model 60 stepping 3, cmov, cx8, fxsr, mmx, sse, sse2, sse3, ssse3, sse4.1, sse4.2, popcnt, avx, avx2, aes, clmul, erms, lzcnt, ht, tsc, tscinvbit, bmi1, bmi2

Memory: 4k page, physical 16695736k(11293864k free), swap 19186104k(12751424k free)

vm_info: Java HotSpot(TM) 64-Bit Server VM (25.112-b15) for windows-amd64 JRE (1.8.0_112-b15), built on Sep 22 2016 21:31:56 by "java_re" with MS VC++ 10.0 (VS2010)

time: Sun Apr 07 18:06:10 2019
elapsed time: 156 seconds (0d 0h 2m 36s)

