Copyright 1986-2018 Xilinx, Inc. All Rights Reserved.
------------------------------------------------------------------------------------
| Tool Version : Vivado v.2018.3 (win64) Build 2405991 Thu Dec  6 23:38:27 MST 2018
| Date         : Mon Jul  1 09:01:27 2019
| Host         : DESKTOP-3OCE3Q5 running 64-bit major release  (build 9200)
| Command      : upgrade_ip
| Device       : xc7z020clg400-1
------------------------------------------------------------------------------------

Upgrade Log for IP 'design_1_FiltroFir_AXI_0_0'

1. Summary
----------

SUCCESS in the conversion of design_1_FiltroFir_AXI_0_0 (xilinx.com:user:FiltroFir_AXI:1.0 (Rev. 6)) to Vivado generation flows.






Copyright 1986-2018 Xilinx, Inc. All Rights Reserved.
------------------------------------------------------------------------------------
| Tool Version : Vivado v.2018.3 (win64) Build 2405991 Thu Dec  6 23:38:27 MST 2018
| Date         : Fri Jun 28 11:18:32 2019
| Host         : DESKTOP-3OCE3Q5 running 64-bit major release  (build 9200)
| Command      : upgrade_ip
| Device       : xc7z020clg400-1
------------------------------------------------------------------------------------

Upgrade Log for IP 'design_1_FiltroFir_AXI_0_0'

1. Summary
----------

SUCCESS in the conversion of design_1_FiltroFir_AXI_0_0 (xilinx.com:user:FiltroFir_AXI:1.0 (Rev. 5)) to Vivado generation flows.






Copyright 1986-2018 Xilinx, Inc. All Rights Reserved.
------------------------------------------------------------------------------------
| Tool Version : Vivado v.2018.3 (win64) Build 2405991 Thu Dec  6 23:38:27 MST 2018
| Date         : Fri Jun 28 10:58:49 2019
| Host         : DESKTOP-3OCE3Q5 running 64-bit major release  (build 9200)
| Command      : upgrade_ip
| Device       : xc7z020clg400-1
------------------------------------------------------------------------------------

Upgrade Log for IP 'design_1_FiltroFir_AXI_0_0'

1. Summary
----------

SUCCESS in the conversion of design_1_FiltroFir_AXI_0_0 (xilinx.com:user:FiltroFir_AXI:1.0 (Rev. 5)) to Vivado generation flows.

