17:21:04 INFO  : Registering command handlers for SDK TCF services
17:21:05 INFO  : Launching XSCT server: xsct.bat -interactive H:\Jorge\UPM\master\1erCuatri\DES\Trabajo_filtroFIR\FILTRO-FIR---DES\Fir2\Fir2.sdk\temp_xsdb_launch_script.tcl
17:21:07 INFO  : XSCT server has started successfully.
17:21:07 INFO  : Successfully done setting XSCT server connection channel  
17:21:07 INFO  : Successfully done setting SDK workspace  
17:21:07 INFO  : Processing command line option -hwspec H:/Jorge/UPM/master/1erCuatri/DES/Trabajo_filtroFIR/FILTRO-FIR---DES/Fir2/Fir2.sdk/design_1_wrapper.hdf.
17:22:44 INFO  : Registering command handlers for SDK TCF services
17:22:45 INFO  : Launching XSCT server: xsct.bat -interactive H:\Jorge\UPM\master\1erCuatri\DES\Trabajo_filtroFIR\FILTRO-FIR---DES\Fir2\Fir2.sdk\temp_xsdb_launch_script.tcl
17:22:47 INFO  : XSCT server has started successfully.
17:22:47 INFO  : Successfully done setting XSCT server connection channel  
17:22:47 INFO  : Successfully done setting SDK workspace  
17:22:47 INFO  : Processing command line option -hwspec H:/Jorge/UPM/master/1erCuatri/DES/Trabajo_filtroFIR/FILTRO-FIR---DES/Fir2/Fir2.sdk/design_1_wrapper.hdf.
17:24:17 ERROR : Failed to call write_mss 
Reason: ERROR: [Common 17-176] Overwrite of existing file isn't enabled.  Please specify -force to overwrite file  [H:/Jorge/UPM/master/1erCuatri/DES/Trabajo_filtroFIR/FILTRO-FIR---DES/Fir2/Fir2.sdk/Fir_bsp/system.mss]

17:24:44 ERROR : Failed to call write_mss 
Reason: ERROR: [Common 17-176] Overwrite of existing file isn't enabled.  Please specify -force to overwrite file  [H:/Jorge/UPM/master/1erCuatri/DES/Trabajo_filtroFIR/FILTRO-FIR---DES/Fir2/Fir2.sdk/Fir_bsp/system.mss]

17:25:39 ERROR : (XSDB Server)ERROR: [Hsi 61-13] No current software db available.

17:25:39 ERROR : Failed to call write_mss 
Reason: ERROR: [Common 17-39] 'hsi::write_mss' failed due to earlier errors.

17:25:41 ERROR : The Hardware Project referenced by this BSP (Fir_bsp) was not found in this workspace. As a result, this BSP will not build properly. To fix this error, please import the associated hardware project or recreate a new BSP targeting an existing hardware platform.
17:25:46 ERROR : (XSDB Server)ERROR: [Hsi 61-13] No current software db available.

17:25:46 ERROR : Failed to call write_mss 
Reason: ERROR: [Common 17-39] 'hsi::write_mss' failed due to earlier errors.

17:26:14 ERROR : (XSDB Server)ERROR: [Hsi 61-13] No current software db available.

17:26:14 ERROR : Failed to call write_mss 
Reason: ERROR: [Common 17-39] 'hsi::write_mss' failed due to earlier errors.

17:27:13 ERROR : The Hardware Project referenced by this BSP (Fir_bsp) was not found in this workspace. As a result, this BSP will not build properly. To fix this error, please import the associated hardware project or recreate a new BSP targeting an existing hardware platform.
17:52:02 INFO  : Launching XSCT server: xsct.bat -interactive H:\Jorge\UPM\master\1erCuatri\DES\Trabajo_filtroFIR\FILTRO-FIR---DES\Fir2\Fir2.sdk\temp_xsdb_launch_script.tcl
17:52:04 INFO  : XSCT server has started successfully.
17:52:04 INFO  : Successfully done setting XSCT server connection channel  
17:52:05 INFO  : Successfully done setting SDK workspace  
17:52:11 INFO  : Registering command handlers for SDK TCF services
17:52:11 INFO  : Processing command line option -hwspec H:/Jorge/UPM/master/1erCuatri/DES/Trabajo_filtroFIR/FILTRO-FIR---DES/Fir2/Fir2.sdk/design_1_wrapper.hdf.
17:52:11 INFO  : Checking for hwspec changes in the project design_1_wrapper_hw_platform_0.
